[08:52:08] [modloading-worker-0/INFO] ========================================
[08:52:08] [modloading-worker-0/INFO] Minecraft: 1.18.2
[08:52:08] [modloading-worker-0/INFO] Side: server
[08:52:08] [modloading-worker-0/INFO] Development: false
[08:52:08] [modloading-worker-0/INFO] Version: 8.4.715
[08:52:08] [modloading-worker-0/INFO] Loader:
[08:52:08] [modloading-worker-0/INFO] - Forge: 40.2.21
[08:52:08] [modloading-worker-0/INFO] Dependencies:
[08:52:08] [modloading-worker-0/INFO] - Cloth Config: 6.5.116
[08:52:08] [modloading-worker-0/INFO] - Architectury: 4.12.94
[08:52:08] [modloading-worker-0/INFO] Mixin: 0.8.5
[08:52:08] [modloading-worker-0/INFO] OS: Linux 5.14.0-427.16.1.el9_4.x86_64 (amd64)
[08:52:08] [modloading-worker-0/INFO] Java: 21.0.3 (Eclipse Adoptium)
[08:52:08] [modloading-worker-0/INFO] ========================================
[08:52:08] [modloading-worker-0/INFO] Mods:
[08:52:08] [modloading-worker-0/INFO] - adaptive_performance_tweaks_core: 10.2.0
[08:52:08] [modloading-worker-0/INFO] - adaptive_performance_tweaks_items: 10.0.0
[08:52:08] [modloading-worker-0/INFO] - advancementplaques: 1.4.5.1
[08:52:08] [modloading-worker-0/INFO] - afptweaks: 1.18.2-1.2.13a
[08:52:08] [modloading-worker-0/INFO] - ageingspawners: 1.2.4
[08:52:08] [modloading-worker-0/INFO] - aggrofix: 1.0.2
[08:52:08] [modloading-worker-0/INFO] - aiimprovements: 0.5.2
[08:52:08] [modloading-worker-0/INFO] - alexsdelight: 1.3.3
[08:52:08] [modloading-worker-0/INFO] - alexsmobs: 1.18.6
[08:52:08] [modloading-worker-0/INFO] - alternate_current: 0.0NONE
[08:52:08] [modloading-worker-0/INFO] - apexcore: 4.13.0
[08:52:08] [modloading-worker-0/INFO] - apotheosis: 5.8.1
[08:52:08] [modloading-worker-0/INFO] - aquamirae: 5.api10
[08:52:08] [modloading-worker-0/INFO] - architectury: 4.12.94
[08:52:08] [modloading-worker-0/INFO] - areas: 5.2
[08:52:08] [modloading-worker-0/INFO] - armorcurve: 3.0
[08:52:08] [modloading-worker-0/INFO] - armoreablemobs: 1.0.7
[08:52:08] [modloading-worker-0/INFO] - ash_of_sin_soul_like_boss_battle: 1.0.5
[08:52:08] [modloading-worker-0/INFO] - atlaslib: 1.1.7a
[08:52:08] [modloading-worker-0/INFO] - attributefix: 14.0.2
[08:52:08] [modloading-worker-0/INFO] - autoreglib: 1.7-53
[08:52:08] [modloading-worker-0/INFO] - awesomedungeonnether: 3.0.0
[08:52:08] [modloading-worker-0/INFO] - ba_bt: 1.18.2-2.3.12
[08:52:08] [modloading-worker-0/INFO] - badmobs: 13.01
[08:52:08] [modloading-worker-0/INFO] - balm: 3.2.6
[08:52:08] [modloading-worker-0/INFO] - bcc: 1.1.21-build.48+mc1.18.2
[08:52:08] [modloading-worker-0/INFO] - betterdeserttemples: 1.18.2-Forge-1.3.1
[08:52:08] [modloading-worker-0/INFO] - betterdungeons: 1.18.2-Forge-2.1.0
[08:52:08] [modloading-worker-0/INFO] - betterendisland: 1.18.2-Forge-1.0
[08:52:08] [modloading-worker-0/INFO] - betterfortresses: 1.18.2-Forge-1.0.0
[08:52:08] [modloading-worker-0/INFO] - betterfpsdist: 1.18.2-1.5
[08:52:08] [modloading-worker-0/INFO] - bettergolem: 1.18.2-1.1.0
[08:52:08] [modloading-worker-0/INFO] - bettermineshafts: 1.18.2-Forge-2.2
[08:52:08] [modloading-worker-0/INFO] - betteroceanmonuments: 1.18.2-Forge-1.0.3
[08:52:08] [modloading-worker-0/INFO] - betterstats: 2.2.2+1.18.2
[08:52:08] [modloading-worker-0/INFO] - betterstrongholds: 1.18.2-Forge-2.1.1
[08:52:08] [modloading-worker-0/INFO] - bettervillage: 2.0.0
[08:52:08] [modloading-worker-0/INFO] - betterwitchhuts: 1.18.2-Forge-1.0.1
[08:52:08] [modloading-worker-0/INFO] - biomemakeover: 1.18.2-1.4.32
[08:52:08] [modloading-worker-0/INFO] - bloodandmadness: 2.0
[08:52:08] [modloading-worker-0/INFO] - blue_skies: 1.3.12
[08:52:08] [modloading-worker-0/INFO] - blueprint: 5.5.0
[08:52:08] [modloading-worker-0/INFO] - bookshelf: 13.3.56
[08:52:08] [modloading-worker-0/INFO] - bosses_of_mass_destruction: 1.0.6
[08:52:08] [modloading-worker-0/INFO] - braincell: 1.18
[08:52:08] [modloading-worker-0/INFO] - brutalbosses: 1.18.2-5.8
[08:52:08] [modloading-worker-0/INFO] - bygonenether: 1.3.2
[08:52:08] [modloading-worker-0/INFO] - caelus: 1.18.1-3.0.0.2
[08:52:08] [modloading-worker-0/INFO] - callablehorses: 1.2.2.5
[08:52:08] [modloading-worker-0/INFO] - cataclysm: 1.0
[08:52:08] [modloading-worker-0/INFO] - cc: 1.0.17
[08:52:08] [modloading-worker-0/INFO] - champions: 1.18.2-2.1.6.3
[08:52:08] [modloading-worker-0/INFO] - chunky: 1.2.164
[08:52:08] [modloading-worker-0/INFO] - citadel: 1.11.3
[08:52:08] [modloading-worker-0/INFO] - cloth_config: 6.5.116
[08:52:08] [modloading-worker-0/INFO] - cloudstorage: 1.1.0
[08:52:08] [modloading-worker-0/INFO] - collective: 7.7
[08:52:08] [modloading-worker-0/INFO] - comforts: 1.18.2-5.0.0.6
[08:52:08] [modloading-worker-0/INFO] - commonality: 1.4.0
[08:52:08] [modloading-worker-0/INFO] - conjurer_illager: 1.1.1
[08:52:08] [modloading-worker-0/INFO] - corpse: 1.18.2-1.0.1
[08:52:08] [modloading-worker-0/INFO] - crafttweaker: 9.1.211
[08:52:08] [modloading-worker-0/INFO] - create: 0.5.1.f
[08:52:08] [modloading-worker-0/INFO] - creativecore: 0.0NONE
[08:52:08] [modloading-worker-0/INFO] - creeperoverhaul: 1.3.1
[08:52:08] [modloading-worker-0/INFO] - cristellib: 1.0.0
[08:52:08] [modloading-worker-0/INFO] - curios: 1.18.2-5.0.9.2
[08:52:08] [modloading-worker-0/INFO] - dannys_expansion: 1.2.6
[08:52:08] [modloading-worker-0/INFO] - darkersouls: 1.0
[08:52:08] [modloading-worker-0/INFO] - dawncraft: 1.18.2-1.2.13a
[08:52:08] [modloading-worker-0/INFO] - dawncraft_fixes: 0.32.1
[08:52:08] [modloading-worker-0/INFO] - dcclasses: 1.1.4b
[08:52:08] [modloading-worker-0/INFO] - deleteitem: 2.0.3.1
[08:52:08] [modloading-worker-0/INFO] - difficultraids: 1.7.5-release
[08:52:08] [modloading-worker-0/INFO] - doespotatotick: 1.18.2-4.0.2
[08:52:08] [modloading-worker-0/INFO] - dogslie: 1.1.1
[08:52:08] [modloading-worker-0/INFO] - dragonmounts: 1.1.4
[08:52:08] [modloading-worker-0/INFO] - dummmmmmy: 1.18-1.5.2
[08:52:08] [modloading-worker-0/INFO] - dungeoncrawl: 2.3.14
[08:52:08] [modloading-worker-0/INFO] - dungeons_arise: 2.1.52-1.18.2
[08:52:08] [modloading-worker-0/INFO] - dynamiclightsreforged: 1.18.2_v1.3.3
[08:52:08] [modloading-worker-0/INFO] - easymagic: 3.3.0
[08:52:08] [modloading-worker-0/INFO] - ecologics: 1.7.11
[08:52:08] [modloading-worker-0/INFO] - ef_weapon_extended: 1.0.0
[08:52:08] [modloading-worker-0/INFO] - efdg: 18.1.11
[08:52:08] [modloading-worker-0/INFO] - efmpirates: 18.1.6
[08:52:08] [modloading-worker-0/INFO] - enchantlimiter: 2.0
[08:52:08] [modloading-worker-0/INFO] - endrem: 5.2.0-R-1.18.2
[08:52:08] [modloading-worker-0/INFO] - enlightened_end: 4.0.0.1
[08:52:08] [modloading-worker-0/INFO] - epicfight: 18.5.24
[08:52:08] [modloading-worker-0/INFO] - falchionmoveset: 18.0.2
[08:52:08] [modloading-worker-0/INFO] - fantasyfurniture: 3.14.0
[08:52:08] [modloading-worker-0/INFO] - farmersdelight: 1.18.2-1.2.3
[08:52:08] [modloading-worker-0/INFO] - farsight_view: 1.18.2-1.9
[08:52:08] [modloading-worker-0/INFO] - farsightedmobs: 1.1
[08:52:08] [modloading-worker-0/INFO] - fastbench: 6.1.1
[08:52:08] [modloading-worker-0/INFO] - fastfurnace: 6.0.3
[08:52:08] [modloading-worker-0/INFO] - fastload: 3.4.0
[08:52:08] [modloading-worker-0/INFO] - fastsuite: 3.0.2
[08:52:08] [modloading-worker-0/INFO] - feature_nbt_deadlock_be_gone: 2.0.0+1.18.2
[08:52:08] [modloading-worker-0/INFO] - ferritecore: 4.2.2
[08:52:08] [modloading-worker-0/INFO] - fixmyspawnr: 1.0.0
[08:52:08] [modloading-worker-0/INFO] - flywheel: 0.6.10-105
[08:52:08] [modloading-worker-0/INFO] - followme: 1.1.8a
[08:52:08] [modloading-worker-0/INFO] - forge: 40.2.21
[08:52:08] [modloading-worker-0/INFO] - friendsandfoes: 1.4.8
[08:52:08] [modloading-worker-0/INFO] - ftbessentials: 1802.1.7-build.42
[08:52:08] [modloading-worker-0/INFO] - ftblibrary: 1802.3.11-build.177
[08:52:08] [modloading-worker-0/INFO] - ftbquests: 1802.3.15-build.298
[08:52:08] [modloading-worker-0/INFO] - ftbranks: 1802.1.11-build.71
[08:52:08] [modloading-worker-0/INFO] - ftbteams: 1802.2.11-build.107
[08:52:08] [modloading-worker-0/INFO] - fullstackwatchdog: 1.0.1+1.19.2-forge
[08:52:08] [modloading-worker-0/INFO] - gamestages: 8.1.3
[08:52:08] [modloading-worker-0/INFO] - geckolib3: 3.0.57
[08:52:08] [modloading-worker-0/INFO] - getittogetherdrops: 1.3
[08:52:08] [modloading-worker-0/INFO] - globaldataandresourcepacks: 1.12.4_forge
[08:52:08] [modloading-worker-0/INFO] - goblinsanddungeons: 1.0.8
[08:52:08] [modloading-worker-0/INFO] - goblintraders: 1.8.0
[08:52:08] [modloading-worker-0/INFO] - guardvillagers: 1.4.4
[08:52:08] [modloading-worker-0/INFO] - habitat: 1.1.5
[08:52:08] [modloading-worker-0/INFO] - hardermonsterboats: 39.1.1.0
[08:52:08] [modloading-worker-0/INFO] - hexerei: 0.2.2
[08:52:08] [modloading-worker-0/INFO] - highlighter: 1.1.2
[08:52:08] [modloading-worker-0/INFO] - hitindication: 1.3.1
[08:52:08] [modloading-worker-0/INFO] - humancompanions: 1.18.2-1.7.3
[08:52:08] [modloading-worker-0/INFO] - hunterillager: 1.18.2-4.0.1
[08:52:08] [modloading-worker-0/INFO] - iceberg: 1.0.49
[08:52:08] [modloading-worker-0/INFO] - idas: 1.6.7+1.18.2
[08:52:08] [modloading-worker-0/INFO] - illageandspillage: 1.1.3
[08:52:08] [modloading-worker-0/INFO] - immersive_weathering: 1.18.2-1.18.2-3.0.3
[08:52:08] [modloading-worker-0/INFO] - impactful: 18.5.6
[08:52:08] [modloading-worker-0/INFO] - improvedmobs: 1.18.2-1.12.1
[08:52:08] [modloading-worker-0/INFO] - incendium: 5.0.8
[08:52:08] [modloading-worker-0/INFO] - incontrol: 1.18-6.1.12
[08:52:08] [modloading-worker-0/INFO] - indestructible: 18.5.10
[08:52:08] [modloading-worker-0/INFO] - infernalexp: 2.5.0
[08:52:08] [modloading-worker-0/INFO] - insanelib: 1.5.3
[08:52:08] [modloading-worker-0/INFO] - integrated_api: 1.2.8+1.18.2
[08:52:08] [modloading-worker-0/INFO] - integrated_stronghold: 1.0.2+1.18.2
[08:52:08] [modloading-worker-0/INFO] - irons_spellbooks: 1.18.2-1.1.4.5
[08:52:08] [modloading-worker-0/INFO] - itemfilters: 1802.2.8-build.50
[08:52:08] [modloading-worker-0/INFO] - itemphysic: 1.6.0
[08:52:08] [modloading-worker-0/INFO] - jade: 5.3.2
[08:52:08] [modloading-worker-0/INFO] - jei: 9.9999
[08:52:08] [modloading-worker-0/INFO] - jeitweaker: 3.0.0.9
[08:52:08] [modloading-worker-0/INFO] - jet_and_elias_armors: 1.0.0
[08:52:08] [modloading-worker-0/INFO] - journeymap: 5.9.8
[08:52:08] [modloading-worker-0/INFO] - jumpboat: 1.18.2-0.1.0.3
[08:52:08] [modloading-worker-0/INFO] - kobolds: 2.9.3
[08:52:08] [modloading-worker-0/INFO] - konkrete: 1.8.0
[08:52:08] [modloading-worker-0/INFO] - krypton: 0.1.10-SNAPSHOT
[08:52:08] [modloading-worker-0/INFO] - libertyvillagers: 2.0.0+forge+1.18.2
[08:52:08] [modloading-worker-0/INFO] - libraryferret: 3.0.0
[08:52:08] [modloading-worker-0/INFO] - libx: 1.18.2-3.2.19
[08:52:08] [modloading-worker-0/INFO] - lilwings: 1.2.4
[08:52:08] [modloading-worker-0/INFO] - limitedchunks: 1.8
[08:52:08] [modloading-worker-0/INFO] - logbegone: 1.0.4
[08:52:08] [modloading-worker-0/INFO] - logprot: 1.4
[08:52:08] [modloading-worker-0/INFO] - lootr: 0.3.26.68
[08:52:08] [modloading-worker-0/INFO] - magistuarmory: 8.2
[08:52:08] [modloading-worker-0/INFO] - majruszsdifficulty: 1.8.1
[08:52:08] [modloading-worker-0/INFO] - maxhealthfix: 5.0.4
[08:52:08] [modloading-worker-0/INFO] - medievalmusic: 1.18.2-1.4
[08:52:08] [modloading-worker-0/INFO] - meetyourfight: 1.18.2-1.2.5
[08:52:08] [modloading-worker-0/INFO] - melody: 1.0.1
[08:52:08] [modloading-worker-0/INFO] - mimic: 1.1.32
[08:52:08] [modloading-worker-0/INFO] - minecraft: 1.18.2
[08:52:08] [modloading-worker-0/INFO] - mixinextras: 0.3.5
[08:52:08] [modloading-worker-0/INFO] - mixininheaven: 0.0NONE
[08:52:08] [modloading-worker-0/INFO] - mixinsquared: 0.1.2-beta.5
[08:52:08] [modloading-worker-0/INFO] - mlib: 5.1.2
[08:52:08] [modloading-worker-0/INFO] - mobhealthbar: 2.2.0
[08:52:08] [modloading-worker-0/INFO] - modernfix: 5.17.0+mc1.18.2
[08:52:08] [modloading-worker-0/INFO] - monsterplus: 1.0
[08:52:08] [modloading-worker-0/INFO] - morevillagers: 3.2.0
[08:52:08] [modloading-worker-0/INFO] - mowziesmobs: 1.6.3
[08:52:08] [modloading-worker-0/INFO] - mutantmonsters: 3.0.1
[08:52:08] [modloading-worker-0/INFO] - mvs: 3.0.8-1.18.2
[08:52:08] [modloading-worker-0/INFO] - netherportalfix: 9.0.1
[08:52:08] [modloading-worker-0/INFO] - nethersdelight: 2.2
[08:52:08] [modloading-worker-0/INFO] - netherskeletons: 4.8
[08:52:08] [modloading-worker-0/INFO] - nightconfigfixes: 3.0.2
[08:52:08] [modloading-worker-0/INFO] - nourished_nether: 1.1.5
[08:52:08] [modloading-worker-0/INFO] - nyfsquiver: 1.18.1-0.7.0
[08:52:08] [modloading-worker-0/INFO] - ob_core: 3.2.0
[08:52:08] [modloading-worker-0/INFO] - ob_tooltips: 1.4.1
[08:52:08] [modloading-worker-0/INFO] - obscure_api: 10
[08:52:08] [modloading-worker-0/INFO] - orcz: 0.74
[08:52:08] [modloading-worker-0/INFO] - paraglider: 1.7.5
[08:52:08] [modloading-worker-0/INFO] - paraglidersstaminacompats: 0.1.3
[08:52:08] [modloading-worker-0/INFO] - passablefoliage: 4.2.1
[08:52:08] [modloading-worker-0/INFO] - patchouli: 1.18.2-71.1
[08:52:08] [modloading-worker-0/INFO] - piglinproliferation: 1.0.0
[08:52:08] [modloading-worker-0/INFO] - pineapple_delight: 0.0NONE
[08:52:08] [modloading-worker-0/INFO] - placebo: 6.6.7
[08:52:08] [modloading-worker-0/INFO] - playeranimator: 1.0.2+1.18
[08:52:08] [modloading-worker-0/INFO] - plushies: 1.2
[08:52:08] [modloading-worker-0/INFO] - pmmo: 1.18.2-3.69.11
[08:52:08] [modloading-worker-0/INFO] - polylib: 1801.0.2-build.13
[08:52:08] [modloading-worker-0/INFO] - polymorph: 1.18.2-0.50
[08:52:08] [modloading-worker-0/INFO] - presencenotrequired: 1.3.0
[08:52:08] [modloading-worker-0/INFO] - prism: 1.0.1
[08:52:08] [modloading-worker-0/INFO] - progressivebosses: 3.6.8
[08:52:08] [modloading-worker-0/INFO] - puzzleslib: 3.5.8
[08:52:08] [modloading-worker-0/INFO] - quark: 3.2-358
[08:52:08] [modloading-worker-0/INFO] - quest_giver: 1.18.2-1.2.6
[08:52:08] [modloading-worker-0/INFO] - radium: 0.7.10
[08:52:08] [modloading-worker-0/INFO] - recipestages: 3.0.0.10
[08:52:08] [modloading-worker-0/INFO] - redirector: 1.18.2-2.4.0
[08:52:08] [modloading-worker-0/INFO] - rei_plugin_compatibilities: 8.0.89
[08:52:08] [modloading-worker-0/INFO] - reputation: 0.9.9
[08:52:08] [modloading-worker-0/INFO] - restored_earth: 1.4.2
[08:52:08] [modloading-worker-0/INFO] - revamped_phantoms: 0.2.3
[08:52:08] [modloading-worker-0/INFO] - roughlyenoughitems: 8.4.715
[08:52:08] [modloading-worker-0/INFO] - saturn: 0.1.5
[08:52:08] [modloading-worker-0/INFO] - savage_and_ravage: 4.0.1
[08:52:08] [modloading-worker-0/INFO] - scattered_weapons: 1.0.0
[08:52:08] [modloading-worker-0/INFO] - secondchanceforge: 1.5.0
[08:52:08] [modloading-worker-0/INFO] - selene: 1.18.2-1.17.14
[08:52:08] [modloading-worker-0/INFO] - sereneseasons: 1.18.2-7.0.0.13
[08:52:08] [modloading-worker-0/INFO] - shrines: 1.18.2-4.1.0
[08:52:08] [modloading-worker-0/INFO] - simple_mobs: 1.3.3
[08:52:08] [modloading-worker-0/INFO] - simplebackups: 1.18.2-1.1.14
[08:52:08] [modloading-worker-0/INFO] - smoothchunk: 1.18.2-1.9
[08:52:08] [modloading-worker-0/INFO] - snuffles: 1.0.2
[08:52:08] [modloading-worker-0/INFO] - solapplepie: 1.18.2-1.0.4
[08:52:08] [modloading-worker-0/INFO] - sophisticatedbackpacks: 1.18.2-3.20.2.1036
[08:52:08] [modloading-worker-0/INFO] - sophisticatedcore: 1.18.2-0.6.4.586
[08:52:08] [modloading-worker-0/INFO] - sound_physics_remastered: 1.18.2-1.0.6
[08:52:08] [modloading-worker-0/INFO] - spark: 1.10.38
[08:52:08] [modloading-worker-0/INFO] - spyglass_improvements: 1.5+mc1.18.2+forge
[08:52:08] [modloading-worker-0/INFO] - stackablepotions: 1.0.0
[08:52:08] [modloading-worker-0/INFO] - starlight: 1.0.2+forge.83663de
[08:52:08] [modloading-worker-0/INFO] - storagedrawers: 10.2.1
[08:52:08] [modloading-worker-0/INFO] - strawgolem: 2.0.0-beta.5
[08:52:08] [modloading-worker-0/INFO] - structory: 0.0NONE
[08:52:08] [modloading-worker-0/INFO] - structure_gel: 2.4.7
[08:52:08] [modloading-worker-0/INFO] - supermartijn642configlib: 1.1.8
[08:52:08] [modloading-worker-0/INFO] - supermartijn642corelib: 1.1.17
[08:52:08] [modloading-worker-0/INFO] - supplementaries: 1.18.2-1.5.18
[08:52:08] [modloading-worker-0/INFO] - tcdcommons: 2.2+1.18.2
[08:52:08] [modloading-worker-0/INFO] - tenshilib: 1.18.2-1.7.4
[08:52:08] [modloading-worker-0/INFO] - terrablender: 1.2.0.126
[08:52:08] [modloading-worker-0/INFO] - terralith: 2.2.6
[08:52:08] [modloading-worker-0/INFO] - timeout_fixes: 1.18.1-1.0.0
[08:52:08] [modloading-worker-0/INFO] - tinyskeletons: 3.3.1
[08:52:08] [modloading-worker-0/INFO] - tlc: 1.0.1
[08:52:08] [modloading-worker-0/INFO] - toofast: 0.0.1.2
[08:52:08] [modloading-worker-0/INFO] - treechop: 0.17.7
[08:52:08] [modloading-worker-0/INFO] - tumbleweed: 1.18-0.5.4
[08:52:08] [modloading-worker-0/INFO] - undead_revamp2: 1.0.1
[08:52:08] [modloading-worker-0/INFO] - untamedwilds: 2.4.3
[08:52:08] [modloading-worker-0/INFO] - villagercomfort: 1.18.2-1.0.0
[08:52:08] [modloading-worker-0/INFO] - villagernames: 7.0
[08:52:08] [modloading-worker-0/INFO] - waila: 5.3.2
[08:52:08] [modloading-worker-0/INFO] - waystones: 10.2.2
[08:52:08] [modloading-worker-0/INFO] - wildbackport: 1.2.3
[08:52:08] [modloading-worker-0/INFO] - wom: 18.1.7.38
[08:52:08] [modloading-worker-0/INFO] - yungsapi: 1.18.2-Forge-2.2.9
[08:52:08] [modloading-worker-0/INFO] - yungsbridges: 1.18.2-Forge-2.1.0
[08:52:08] [modloading-worker-0/INFO] - yungsextras: 1.18.2-Forge-2.1.0
[08:52:08] [modloading-worker-0/INFO] - zensummoning: 1.3.8
[08:52:08] [modloading-worker-0/INFO] ========================================
[08:52:08] [modloading-worker-0/INFO] [REI] Registered plugin provider DefaultPluginImpl [roughlyenoughitems] for REIServerPlugin
[08:52:08] [modloading-worker-0/INFO] [REI] Registered plugin provider DefaultPluginImpl [roughlyenoughitems] for REIPlugin
[08:52:08] [modloading-worker-0/INFO] [REI] Registered plugin provider DefaultRuntimePlugin [roughlyenoughitems] for REIServerPlugin
[08:52:08] [modloading-worker-0/INFO] [REI] Registered plugin provider DefaultRuntimePlugin [roughlyenoughitems] for REIPlugin
[08:52:23] [Worker-Main-17/DEBUG] [REI] Processed 0 tags in 21.35 μs for minecraft:dimension_type
[08:52:23] [Worker-Main-21/DEBUG] [REI] Processed 5 tags in 803.1 μs for minecraft:game_event
[08:52:23] [Worker-Main-13/DEBUG] [REI] Processed 0 tags in 75.09 μs for minecraft:worldgen/configured_structure_feature
[08:52:23] [Worker-Main-15/DEBUG] [REI] Processed 0 tags in 8.149 μs for shrines:random_variation/material
[08:52:23] [Worker-Main-19/DEBUG] [REI] Processed 13 tags in 38.63 μs for minecraft:fluid
[08:52:23] [Worker-Main-16/DEBUG] [REI] Processed 106 tags in 589.7 μs for minecraft:entity_type
[08:52:23] [Worker-Main-19/DEBUG] [REI] Processed 1 tags in 12.27 μs for minecraft:recipe_serializer
[08:52:23] [Worker-Main-12/DEBUG] [REI] Processed 0 tags in 137.4 μs for minecraft:worldgen/biome
[08:52:23] [Worker-Main-20/DEBUG] [REI] Processed 1 tags in 54.38 μs for minecraft:worldgen/structure_feature
[08:52:23] [Worker-Main-22/DEBUG] [REI] Processed 740 tags in 6.804 ms for minecraft:block
[08:52:23] [Worker-Main-17/DEBUG] [REI] Processed 852 tags in 2.836 ms for minecraft:item
[08:52:26] [Worker-Main-21/DEBUG] [REI] ========================================
[08:52:26] [Worker-Main-21/DEBUG] [REI] REIPlugin starting pre-reload for START.
[08:52:26] [Worker-Main-21/DEBUG] [REI] Reloadables (7):
[08:52:26] [Worker-Main-21/DEBUG] [REI]  - EntryTypeRegistryImpl
[08:52:26] [Worker-Main-21/DEBUG] [REI]  - EntrySettingsAdapterRegistryImpl
[08:52:26] [Worker-Main-21/DEBUG] [REI]  - RecipeManagerContextImpl
[08:52:26] [Worker-Main-21/DEBUG] [REI]  - ItemComparatorRegistryImpl
[08:52:26] [Worker-Main-21/DEBUG] [REI]  - FluidComparatorRegistryImpl
[08:52:26] [Worker-Main-21/DEBUG] [REI]  - DisplaySerializerRegistryImpl
[08:52:26] [Worker-Main-21/DEBUG] [REI]  - FluidSupportProviderImpl
[08:52:26] [Worker-Main-21/DEBUG] [REI] Plugins (2):
[08:52:26] [Worker-Main-21/DEBUG] [REI]  - (-100.00) DefaultPluginImpl of DefaultPluginImpl [roughlyenoughitems]
[08:52:26] [Worker-Main-21/DEBUG] [REI]  - (0.00) DefaultRuntimePlugin of DefaultRuntimePlugin [roughlyenoughitems]
[08:52:26] [Worker-Main-21/DEBUG] [REI] ========================================
[08:52:26] [Worker-Main-21/TRACE] [REI] [REIPlugin START] Reloading Section: "pre-register/"
[08:52:26] [Worker-Main-21/TRACE] [REI] [REIPlugin START] Reloading Section: "pre-register/DefaultPluginImpl of DefaultPluginImpl [roughlyenoughitems]/"
[08:52:26] [Worker-Main-21/TRACE] [REI] [REIPlugin START] Reloading Section: "pre-register/DefaultPluginImpl of DefaultPluginImpl [roughlyenoughitems]/" done in 371.5 μs
[08:52:26] [Worker-Main-21/TRACE] [REI] [REIPlugin START] Reloading Section: "pre-register/DefaultRuntimePlugin of DefaultRuntimePlugin [roughlyenoughitems]/"
[08:52:26] [Worker-Main-21/TRACE] [REI] [REIPlugin START] Reloading Section: "pre-register/DefaultRuntimePlugin of DefaultRuntimePlugin [roughlyenoughitems]/" done in 6.885 μs
[08:52:26] [Worker-Main-21/TRACE] [REI] [REIPlugin START] Reloading Section: "pre-register/" done in 6.174 ms
[08:52:26] [Worker-Main-21/TRACE] [REI] [REIPlugin START] Reloading Section: "pre-stage/"
[08:52:26] [Worker-Main-21/TRACE] [REI] [REIPlugin START] Reloading Section: "pre-stage/EntryTypeRegistryImpl/"
[08:52:26] [Worker-Main-21/TRACE] [REI] [REIPlugin START] Reloading Section: "pre-stage/EntryTypeRegistryImpl/" done in 66.55 μs
[08:52:26] [Worker-Main-21/TRACE] [REI] [REIPlugin START] Reloading Section: "pre-stage/EntrySettingsAdapterRegistryImpl/"
[08:52:26] [Worker-Main-21/TRACE] [REI] [REIPlugin START] Reloading Section: "pre-stage/EntrySettingsAdapterRegistryImpl/" done in 2.857 μs
[08:52:26] [Worker-Main-21/TRACE] [REI] [REIPlugin START] Reloading Section: "pre-stage/RecipeManagerContextImpl/"
[08:52:26] [Worker-Main-21/TRACE] [REI] [REIPlugin START] Reloading Section: "pre-stage/RecipeManagerContextImpl/" done in 2.413 μs
[08:52:26] [Worker-Main-21/TRACE] [REI] [REIPlugin START] Reloading Section: "pre-stage/ItemComparatorRegistryImpl/"
[08:52:26] [Worker-Main-21/TRACE] [REI] [REIPlugin START] Reloading Section: "pre-stage/ItemComparatorRegistryImpl/" done in 2.063 μs
[08:52:26] [Worker-Main-21/TRACE] [REI] [REIPlugin START] Reloading Section: "pre-stage/FluidComparatorRegistryImpl/"
[08:52:26] [Worker-Main-21/TRACE] [REI] [REIPlugin START] Reloading Section: "pre-stage/FluidComparatorRegistryImpl/" done in 1.991 μs
[08:52:26] [Worker-Main-21/TRACE] [REI] [REIPlugin START] Reloading Section: "pre-stage/DisplaySerializerRegistryImpl/"
[08:52:26] [Worker-Main-21/TRACE] [REI] [REIPlugin START] Reloading Section: "pre-stage/DisplaySerializerRegistryImpl/" done in 2.064 μs
[08:52:26] [Worker-Main-21/TRACE] [REI] [REIPlugin START] Reloading Section: "pre-stage/FluidSupportProviderImpl/"
[08:52:26] [Worker-Main-21/TRACE] [REI] [REIPlugin START] Reloading Section: "pre-stage/FluidSupportProviderImpl/" done in 2.092 μs
[08:52:26] [Worker-Main-21/TRACE] [REI] [REIPlugin START] Reloading Section: "pre-stage/" done in 272.4 μs
[08:52:26] [Worker-Main-21/DEBUG] [REI] ========================================
[08:52:26] [Worker-Main-21/DEBUG] [REI] REIPlugin finished pre-reload for START in 9.015 ms.
[08:52:26] [Worker-Main-21/DEBUG] [REI] ========================================
[08:52:26] [Worker-Main-21/DEBUG] [REI] ========================================
[08:52:26] [Worker-Main-21/DEBUG] [REI] REIServerPlugin starting pre-reload for START.
[08:52:26] [Worker-Main-21/DEBUG] [REI] Reloadables (2):
[08:52:26] [Worker-Main-21/DEBUG] [REI]  - MenuInfoRegistryImpl
[08:52:26] [Worker-Main-21/DEBUG] [REI]  - SlotAccessorRegistryImpl
[08:52:26] [Worker-Main-21/DEBUG] [REI] Plugins (2):
[08:52:26] [Worker-Main-21/DEBUG] [REI]  - (-100.00) DefaultPluginImpl of DefaultPluginImpl [roughlyenoughitems]
[08:52:26] [Worker-Main-21/DEBUG] [REI]  - (0.00) DefaultRuntimePlugin of DefaultRuntimePlugin [roughlyenoughitems]
[08:52:26] [Worker-Main-21/DEBUG] [REI] ========================================
[08:52:26] [Worker-Main-21/TRACE] [REI] [REIServerPlugin START] Reloading Section: "pre-register/"
[08:52:26] [Worker-Main-21/TRACE] [REI] [REIServerPlugin START] Reloading Section: "pre-register/DefaultPluginImpl of DefaultPluginImpl [roughlyenoughitems]/"
[08:52:26] [Worker-Main-21/TRACE] [REI] [REIServerPlugin START] Reloading Section: "pre-register/DefaultPluginImpl of DefaultPluginImpl [roughlyenoughitems]/" done in 7.079 μs
[08:52:26] [Worker-Main-21/TRACE] [REI] [REIServerPlugin START] Reloading Section: "pre-register/DefaultRuntimePlugin of DefaultRuntimePlugin [roughlyenoughitems]/"
[08:52:26] [Worker-Main-21/TRACE] [REI] [REIServerPlugin START] Reloading Section: "pre-register/DefaultRuntimePlugin of DefaultRuntimePlugin [roughlyenoughitems]/" done in 3.583 μs
[08:52:26] [Worker-Main-21/TRACE] [REI] [REIServerPlugin START] Reloading Section: "pre-register/" done in 116.2 μs
[08:52:26] [Worker-Main-21/TRACE] [REI] [REIServerPlugin START] Reloading Section: "pre-stage/"
[08:52:26] [Worker-Main-21/TRACE] [REI] [REIServerPlugin START] Reloading Section: "pre-stage/MenuInfoRegistryImpl/"
[08:52:26] [Worker-Main-21/TRACE] [REI] [REIServerPlugin START] Reloading Section: "pre-stage/MenuInfoRegistryImpl/" done in 3.191 μs
[08:52:26] [Worker-Main-21/TRACE] [REI] [REIServerPlugin START] Reloading Section: "pre-stage/SlotAccessorRegistryImpl/"
[08:52:26] [Worker-Main-21/TRACE] [REI] [REIServerPlugin START] Reloading Section: "pre-stage/SlotAccessorRegistryImpl/" done in 2.565 μs
[08:52:26] [Worker-Main-21/TRACE] [REI] [REIServerPlugin START] Reloading Section: "pre-stage/" done in 71.98 μs
[08:52:26] [Worker-Main-21/DEBUG] [REI] ========================================
[08:52:26] [Worker-Main-21/DEBUG] [REI] REIServerPlugin finished pre-reload for START in 238.9 μs.
[08:52:26] [Worker-Main-21/DEBUG] [REI] ========================================
[08:52:26] [Worker-Main-21/INFO] [REI] ++++++++++++++++++++++++++++++++++++++++
[08:52:26] [Worker-Main-21/INFO] [REI] REIPlugin starting main-reload for START.
[08:52:26] [Worker-Main-21/DEBUG] [REI] Reloadables (7):
[08:52:26] [Worker-Main-21/DEBUG] [REI]  - EntryTypeRegistryImpl
[08:52:26] [Worker-Main-21/DEBUG] [REI]  - EntrySettingsAdapterRegistryImpl
[08:52:26] [Worker-Main-21/DEBUG] [REI]  - RecipeManagerContextImpl
[08:52:26] [Worker-Main-21/DEBUG] [REI]  - ItemComparatorRegistryImpl
[08:52:26] [Worker-Main-21/DEBUG] [REI]  - FluidComparatorRegistryImpl
[08:52:26] [Worker-Main-21/DEBUG] [REI]  - DisplaySerializerRegistryImpl
[08:52:26] [Worker-Main-21/DEBUG] [REI]  - FluidSupportProviderImpl
[08:52:26] [Worker-Main-21/INFO] [REI] Plugins (2):
[08:52:26] [Worker-Main-21/INFO] [REI]  - (-100.00) DefaultPluginImpl of DefaultPluginImpl [roughlyenoughitems]
[08:52:26] [Worker-Main-21/INFO] [REI]  - (0.00) DefaultRuntimePlugin of DefaultRuntimePlugin [roughlyenoughitems]
[08:52:26] [Worker-Main-21/INFO] [REI] ++++++++++++++++++++++++++++++++++++++++
[08:52:26] [Worker-Main-21/TRACE] [REI] [REIPlugin START] Reloading Section: "start-reload/"
[08:52:26] [Worker-Main-21/TRACE] [REI] [REIPlugin START] Reloading Section: "start-reload/EntryTypeRegistryImpl/"
[08:52:26] [Worker-Main-21/TRACE] [REI] [REIPlugin START] Reloading Section: "start-reload/EntryTypeRegistryImpl/" done in 26.23 μs
[08:52:26] [Worker-Main-21/TRACE] [REI] [REIPlugin START] Reloading Section: "start-reload/EntrySettingsAdapterRegistryImpl/"
[08:52:26] [Worker-Main-21/TRACE] [REI] [REIPlugin START] Reloading Section: "start-reload/EntrySettingsAdapterRegistryImpl/" done in 4.353 μs
[08:52:26] [Worker-Main-21/TRACE] [REI] [REIPlugin START] Reloading Section: "start-reload/RecipeManagerContextImpl/"
[08:52:26] [Worker-Main-21/TRACE] [REI] [REIPlugin START] Reloading Section: "start-reload/RecipeManagerContextImpl/" done in 2.552 μs
[08:52:26] [Worker-Main-21/TRACE] [REI] [REIPlugin START] Reloading Section: "start-reload/ItemComparatorRegistryImpl/"
[08:52:26] [Worker-Main-21/TRACE] [REI] [REIPlugin START] Reloading Section: "start-reload/ItemComparatorRegistryImpl/" done in 8.638 μs
[08:52:26] [Worker-Main-21/TRACE] [REI] [REIPlugin START] Reloading Section: "start-reload/FluidComparatorRegistryImpl/"
[08:52:26] [Worker-Main-21/TRACE] [REI] [REIPlugin START] Reloading Section: "start-reload/FluidComparatorRegistryImpl/" done in 3.133 μs
[08:52:26] [Worker-Main-21/TRACE] [REI] [REIPlugin START] Reloading Section: "start-reload/DisplaySerializerRegistryImpl/"
[08:52:26] [Worker-Main-21/TRACE] [REI] [REIPlugin START] Reloading Section: "start-reload/DisplaySerializerRegistryImpl/" done in 2.231 μs
[08:52:26] [Worker-Main-21/TRACE] [REI] [REIPlugin START] Reloading Section: "start-reload/FluidSupportProviderImpl/"
[08:52:26] [Worker-Main-21/TRACE] [REI] [REIPlugin START] Reloading Section: "start-reload/FluidSupportProviderImpl/" done in 8.858 μs
[08:52:26] [Worker-Main-21/TRACE] [REI] [REIPlugin START] Reloading Section: "start-reload/" done in 306.0 μs
[08:52:26] [Worker-Main-21/DEBUG] [REI] ========================================
[08:52:26] [Worker-Main-21/DEBUG] [REI] REIPlugin started main-reload for START.
[08:52:26] [Worker-Main-21/DEBUG] [REI] ========================================
[08:52:26] [Worker-Main-21/TRACE] [REI] [REIPlugin START] Reloading Section: "reloadable-plugin/EntryTypeRegistryImpl/"
[08:52:26] [Worker-Main-21/TRACE] [REI] [REIPlugin START] Reloading Section: "reloadable-plugin/EntryTypeRegistryImpl/DefaultPluginImpl of DefaultPluginImpl [roughlyenoughitems]/"
[08:52:26] [Worker-Main-21/TRACE] [REI] [REIPlugin START] Reloading Section: "reloadable-plugin/EntryTypeRegistryImpl/DefaultPluginImpl of DefaultPluginImpl [roughlyenoughitems]/" done in 75.69 μs
[08:52:26] [Worker-Main-21/TRACE] [REI] [REIPlugin START] Reloading Section: "reloadable-plugin/EntryTypeRegistryImpl/DefaultRuntimePlugin of DefaultRuntimePlugin [roughlyenoughitems]/"
[08:52:26] [Worker-Main-21/TRACE] [REI] [REIPlugin START] Reloading Section: "reloadable-plugin/EntryTypeRegistryImpl/DefaultRuntimePlugin of DefaultRuntimePlugin [roughlyenoughitems]/" done in 5.574 ms
[08:52:26] [Worker-Main-21/TRACE] [REI] [REIPlugin START] Reloading Section: "reloadable-plugin/EntryTypeRegistryImpl/" done in 6.012 ms
[08:52:26] [Worker-Main-21/TRACE] [REI] [REIPlugin START] Reloading Section: "reloadable-plugin/EntrySettingsAdapterRegistryImpl/"
[08:52:26] [Worker-Main-21/TRACE] [REI] [REIPlugin START] Reloading Section: "reloadable-plugin/EntrySettingsAdapterRegistryImpl/DefaultPluginImpl of DefaultPluginImpl [roughlyenoughitems]/"
[08:52:26] [Worker-Main-21/TRACE] [REI] [REIPlugin START] Reloading Section: "reloadable-plugin/EntrySettingsAdapterRegistryImpl/DefaultPluginImpl of DefaultPluginImpl [roughlyenoughitems]/" done in 5.904 μs
[08:52:26] [Worker-Main-21/TRACE] [REI] [REIPlugin START] Reloading Section: "reloadable-plugin/EntrySettingsAdapterRegistryImpl/DefaultRuntimePlugin of DefaultRuntimePlugin [roughlyenoughitems]/"
[08:52:26] [Worker-Main-21/TRACE] [REI] [REIPlugin START] Reloading Section: "reloadable-plugin/EntrySettingsAdapterRegistryImpl/DefaultRuntimePlugin of DefaultRuntimePlugin [roughlyenoughitems]/" done in 4.128 μs
[08:52:26] [Worker-Main-21/TRACE] [REI] [REIPlugin START] Reloading Section: "reloadable-plugin/EntrySettingsAdapterRegistryImpl/" done in 94.47 μs
[08:52:26] [Worker-Main-21/TRACE] [REI] [REIPlugin START] Reloading Section: "reloadable-plugin/RecipeManagerContextImpl/"
[08:52:26] [Worker-Main-21/TRACE] [REI] [REIPlugin START] Reloading Section: "reloadable-plugin/RecipeManagerContextImpl/DefaultPluginImpl of DefaultPluginImpl [roughlyenoughitems]/"
[08:52:26] [Worker-Main-21/TRACE] [REI] [REIPlugin START] Reloading Section: "reloadable-plugin/RecipeManagerContextImpl/DefaultPluginImpl of DefaultPluginImpl [roughlyenoughitems]/" done in 4.141 μs
[08:52:26] [Worker-Main-21/TRACE] [REI] [REIPlugin START] Reloading Section: "reloadable-plugin/RecipeManagerContextImpl/DefaultRuntimePlugin of DefaultRuntimePlugin [roughlyenoughitems]/"
[08:52:26] [Worker-Main-21/TRACE] [REI] [REIPlugin START] Reloading Section: "reloadable-plugin/RecipeManagerContextImpl/DefaultRuntimePlugin of DefaultRuntimePlugin [roughlyenoughitems]/" done in 3.858 μs
[08:52:26] [Worker-Main-21/TRACE] [REI] [REIPlugin START] Reloading Section: "reloadable-plugin/RecipeManagerContextImpl/" done in 75.05 μs
[08:52:26] [Worker-Main-21/TRACE] [REI] [REIPlugin START] Reloading Section: "reloadable-plugin/ItemComparatorRegistryImpl/"
[08:52:26] [Worker-Main-21/TRACE] [REI] [REIPlugin START] Reloading Section: "reloadable-plugin/ItemComparatorRegistryImpl/DefaultPluginImpl of DefaultPluginImpl [roughlyenoughitems]/"
[08:52:26] [Worker-Main-21/TRACE] [REI] [REIPlugin START] Reloading Section: "reloadable-plugin/ItemComparatorRegistryImpl/DefaultPluginImpl of DefaultPluginImpl [roughlyenoughitems]/" done in 635.4 μs
[08:52:26] [Worker-Main-21/TRACE] [REI] [REIPlugin START] Reloading Section: "reloadable-plugin/ItemComparatorRegistryImpl/DefaultRuntimePlugin of DefaultRuntimePlugin [roughlyenoughitems]/"
[08:52:26] [Worker-Main-21/TRACE] [REI] [REIPlugin START] Reloading Section: "reloadable-plugin/ItemComparatorRegistryImpl/DefaultRuntimePlugin of DefaultRuntimePlugin [roughlyenoughitems]/" done in 8.830 μs
[08:52:26] [Worker-Main-21/TRACE] [REI] [REIPlugin START] Reloading Section: "reloadable-plugin/ItemComparatorRegistryImpl/" done in 796.6 μs
[08:52:26] [Worker-Main-21/TRACE] [REI] [REIPlugin START] Reloading Section: "reloadable-plugin/FluidComparatorRegistryImpl/"
[08:52:26] [Worker-Main-21/TRACE] [REI] [REIPlugin START] Reloading Section: "reloadable-plugin/FluidComparatorRegistryImpl/DefaultPluginImpl of DefaultPluginImpl [roughlyenoughitems]/"
[08:52:26] [Worker-Main-21/TRACE] [REI] [REIPlugin START] Reloading Section: "reloadable-plugin/FluidComparatorRegistryImpl/DefaultPluginImpl of DefaultPluginImpl [roughlyenoughitems]/" done in 7.151 μs
[08:52:26] [Worker-Main-21/TRACE] [REI] [REIPlugin START] Reloading Section: "reloadable-plugin/FluidComparatorRegistryImpl/DefaultRuntimePlugin of DefaultRuntimePlugin [roughlyenoughitems]/"
[08:52:26] [Worker-Main-21/TRACE] [REI] [REIPlugin START] Reloading Section: "reloadable-plugin/FluidComparatorRegistryImpl/DefaultRuntimePlugin of DefaultRuntimePlugin [roughlyenoughitems]/" done in 3.857 μs
[08:52:26] [Worker-Main-21/TRACE] [REI] [REIPlugin START] Reloading Section: "reloadable-plugin/FluidComparatorRegistryImpl/" done in 71.26 μs
[08:52:26] [Worker-Main-21/TRACE] [REI] [REIPlugin START] Reloading Section: "reloadable-plugin/DisplaySerializerRegistryImpl/"
[08:52:26] [Worker-Main-21/TRACE] [REI] [REIPlugin START] Reloading Section: "reloadable-plugin/DisplaySerializerRegistryImpl/DefaultPluginImpl of DefaultPluginImpl [roughlyenoughitems]/"
[08:52:26] [Worker-Main-21/TRACE] [REI] [REIPlugin START] Reloading Section: "reloadable-plugin/DisplaySerializerRegistryImpl/DefaultPluginImpl of DefaultPluginImpl [roughlyenoughitems]/" done in 4.029 μs
[08:52:26] [Worker-Main-21/TRACE] [REI] [REIPlugin START] Reloading Section: "reloadable-plugin/DisplaySerializerRegistryImpl/DefaultRuntimePlugin of DefaultRuntimePlugin [roughlyenoughitems]/"
[08:52:26] [Worker-Main-21/TRACE] [REI] [REIPlugin START] Reloading Section: "reloadable-plugin/DisplaySerializerRegistryImpl/DefaultRuntimePlugin of DefaultRuntimePlugin [roughlyenoughitems]/" done in 3.824 μs
[08:52:26] [Worker-Main-21/TRACE] [REI] [REIPlugin START] Reloading Section: "reloadable-plugin/DisplaySerializerRegistryImpl/" done in 59.81 μs
[08:52:26] [Worker-Main-21/TRACE] [REI] [REIPlugin START] Reloading Section: "reloadable-plugin/FluidSupportProviderImpl/"
[08:52:26] [Worker-Main-21/TRACE] [REI] [REIPlugin START] Reloading Section: "reloadable-plugin/FluidSupportProviderImpl/DefaultPluginImpl of DefaultPluginImpl [roughlyenoughitems]/"
[08:52:26] [Worker-Main-21/TRACE] [REI] [REIPlugin START] Reloading Section: "reloadable-plugin/FluidSupportProviderImpl/DefaultPluginImpl of DefaultPluginImpl [roughlyenoughitems]/" done in 239.9 μs
[08:52:26] [Worker-Main-21/TRACE] [REI] [REIPlugin START] Reloading Section: "reloadable-plugin/FluidSupportProviderImpl/DefaultRuntimePlugin of DefaultRuntimePlugin [roughlyenoughitems]/"
[08:52:26] [Worker-Main-21/TRACE] [REI] [REIPlugin START] Reloading Section: "reloadable-plugin/FluidSupportProviderImpl/DefaultRuntimePlugin of DefaultRuntimePlugin [roughlyenoughitems]/" done in 7.034 μs
[08:52:26] [Worker-Main-21/TRACE] [REI] [REIPlugin START] Reloading Section: "reloadable-plugin/FluidSupportProviderImpl/" done in 350.9 μs
[08:52:26] [Worker-Main-21/DEBUG] [REI] ========================================
[08:52:26] [Worker-Main-21/DEBUG] [REI] REIPlugin ending main-reload for START.
[08:52:26] [Worker-Main-21/DEBUG] [REI] ========================================
[08:52:26] [Worker-Main-21/TRACE] [REI] [REIPlugin START] Reloading Section: "end-reload/"
[08:52:26] [Worker-Main-21/TRACE] [REI] [REIPlugin START] Reloading Section: "end-reload/EntryTypeRegistryImpl/"
[08:52:26] [Worker-Main-21/TRACE] [REI] [REIPlugin START] Reloading Section: "end-reload/EntryTypeRegistryImpl/" done in 5.087 μs
[08:52:26] [Worker-Main-21/TRACE] [REI] [REIPlugin START] Reloading Section: "end-reload/EntrySettingsAdapterRegistryImpl/"
[08:52:26] [Worker-Main-21/TRACE] [REI] [REIPlugin START] Reloading Section: "end-reload/EntrySettingsAdapterRegistryImpl/" done in 2.305 μs
[08:52:26] [Worker-Main-21/TRACE] [REI] [REIPlugin START] Reloading Section: "end-reload/RecipeManagerContextImpl/"
[08:52:26] [Worker-Main-21/TRACE] [REI] [REIPlugin START] Reloading Section: "end-reload/RecipeManagerContextImpl/" done in 1.977 μs
[08:52:26] [Worker-Main-21/TRACE] [REI] [REIPlugin START] Reloading Section: "end-reload/ItemComparatorRegistryImpl/"
[08:52:26] [Worker-Main-21/TRACE] [REI] [REIPlugin START] Reloading Section: "end-reload/ItemComparatorRegistryImpl/" done in 2.107 μs
[08:52:26] [Worker-Main-21/TRACE] [REI] [REIPlugin START] Reloading Section: "end-reload/FluidComparatorRegistryImpl/"
[08:52:26] [Worker-Main-21/TRACE] [REI] [REIPlugin START] Reloading Section: "end-reload/FluidComparatorRegistryImpl/" done in 1.939 μs
[08:52:26] [Worker-Main-21/TRACE] [REI] [REIPlugin START] Reloading Section: "end-reload/DisplaySerializerRegistryImpl/"
[08:52:26] [Worker-Main-21/TRACE] [REI] [REIPlugin START] Reloading Section: "end-reload/DisplaySerializerRegistryImpl/" done in 1.737 μs
[08:52:26] [Worker-Main-21/TRACE] [REI] [REIPlugin START] Reloading Section: "end-reload/FluidSupportProviderImpl/"
[08:52:26] [Worker-Main-21/TRACE] [REI] [REIPlugin START] Reloading Section: "end-reload/FluidSupportProviderImpl/" done in 1.880 μs
[08:52:26] [Worker-Main-21/TRACE] [REI] [REIPlugin START] Reloading Section: "end-reload/" done in 163.5 μs
[08:52:26] [Worker-Main-21/DEBUG] [REI] ========================================
[08:52:26] [Worker-Main-21/DEBUG] [REI] REIPlugin ended main-reload for START in 8.560 ms.
[08:52:26] [Worker-Main-21/DEBUG] [REI] ========================================
[08:52:26] [Worker-Main-21/INFO] [REI] ----------------------------------------
[08:52:26] [Worker-Main-21/INFO] [REI] REIServerPlugin starting main-reload for START.
[08:52:26] [Worker-Main-21/DEBUG] [REI] Reloadables (2):
[08:52:26] [Worker-Main-21/DEBUG] [REI]  - MenuInfoRegistryImpl
[08:52:26] [Worker-Main-21/DEBUG] [REI]  - SlotAccessorRegistryImpl
[08:52:26] [Worker-Main-21/INFO] [REI] Plugins (2):
[08:52:26] [Worker-Main-21/INFO] [REI]  - (-100.00) DefaultPluginImpl of DefaultPluginImpl [roughlyenoughitems]
[08:52:26] [Worker-Main-21/INFO] [REI]  - (0.00) DefaultRuntimePlugin of DefaultRuntimePlugin [roughlyenoughitems]
[08:52:26] [Worker-Main-21/INFO] [REI] ----------------------------------------
[08:52:26] [Worker-Main-21/TRACE] [REI] [REIServerPlugin START] Reloading Section: "start-reload/"
[08:52:26] [Worker-Main-21/TRACE] [REI] [REIServerPlugin START] Reloading Section: "start-reload/MenuInfoRegistryImpl/"
[08:52:26] [Worker-Main-21/TRACE] [REI] [REIServerPlugin START] Reloading Section: "start-reload/MenuInfoRegistryImpl/" done in 3.989 μs
[08:52:26] [Worker-Main-21/TRACE] [REI] [REIServerPlugin START] Reloading Section: "start-reload/SlotAccessorRegistryImpl/"
[08:52:26] [Worker-Main-21/TRACE] [REI] [REIServerPlugin START] Reloading Section: "start-reload/SlotAccessorRegistryImpl/" done in 3.139 μs
[08:52:26] [Worker-Main-21/TRACE] [REI] [REIServerPlugin START] Reloading Section: "start-reload/" done in 75.54 μs
[08:52:26] [Worker-Main-21/DEBUG] [REI] ========================================
[08:52:26] [Worker-Main-21/DEBUG] [REI] REIServerPlugin started main-reload for START.
[08:52:26] [Worker-Main-21/DEBUG] [REI] ========================================
[08:52:26] [Worker-Main-21/TRACE] [REI] [REIServerPlugin START] Reloading Section: "reloadable-plugin/MenuInfoRegistryImpl/"
[08:52:26] [Worker-Main-21/TRACE] [REI] [REIServerPlugin START] Reloading Section: "reloadable-plugin/MenuInfoRegistryImpl/DefaultPluginImpl of DefaultPluginImpl [roughlyenoughitems]/"
[08:52:26] [Worker-Main-21/TRACE] [REI] [REIServerPlugin START] Reloading Section: "reloadable-plugin/MenuInfoRegistryImpl/DefaultPluginImpl of DefaultPluginImpl [roughlyenoughitems]/" done in 4.430 μs
[08:52:26] [Worker-Main-21/TRACE] [REI] [REIServerPlugin START] Reloading Section: "reloadable-plugin/MenuInfoRegistryImpl/DefaultRuntimePlugin of DefaultRuntimePlugin [roughlyenoughitems]/"
[08:52:26] [Worker-Main-21/TRACE] [REI] [REIServerPlugin START] Reloading Section: "reloadable-plugin/MenuInfoRegistryImpl/DefaultRuntimePlugin of DefaultRuntimePlugin [roughlyenoughitems]/" done in 3.604 μs
[08:52:26] [Worker-Main-21/TRACE] [REI] [REIServerPlugin START] Reloading Section: "reloadable-plugin/MenuInfoRegistryImpl/" done in 67.24 μs
[08:52:26] [Worker-Main-21/TRACE] [REI] [REIServerPlugin START] Reloading Section: "reloadable-plugin/SlotAccessorRegistryImpl/"
[08:52:26] [Worker-Main-21/TRACE] [REI] [REIServerPlugin START] Reloading Section: "reloadable-plugin/SlotAccessorRegistryImpl/DefaultPluginImpl of DefaultPluginImpl [roughlyenoughitems]/"
[08:52:26] [Worker-Main-21/TRACE] [REI] [REIServerPlugin START] Reloading Section: "reloadable-plugin/SlotAccessorRegistryImpl/DefaultPluginImpl of DefaultPluginImpl [roughlyenoughitems]/" done in 3.421 μs
[08:52:26] [Worker-Main-21/TRACE] [REI] [REIServerPlugin START] Reloading Section: "reloadable-plugin/SlotAccessorRegistryImpl/DefaultRuntimePlugin of DefaultRuntimePlugin [roughlyenoughitems]/"
[08:52:26] [Worker-Main-21/TRACE] [REI] [REIServerPlugin START] Reloading Section: "reloadable-plugin/SlotAccessorRegistryImpl/DefaultRuntimePlugin of DefaultRuntimePlugin [roughlyenoughitems]/" done in 3.113 μs
[08:52:26] [Worker-Main-21/TRACE] [REI] [REIServerPlugin START] Reloading Section: "reloadable-plugin/SlotAccessorRegistryImpl/" done in 59.09 μs
[08:52:26] [Worker-Main-21/DEBUG] [REI] ========================================
[08:52:26] [Worker-Main-21/DEBUG] [REI] REIServerPlugin ending main-reload for START.
[08:52:26] [Worker-Main-21/DEBUG] [REI] ========================================
[08:52:26] [Worker-Main-21/TRACE] [REI] [REIServerPlugin START] Reloading Section: "end-reload/"
[08:52:26] [Worker-Main-21/TRACE] [REI] [REIServerPlugin START] Reloading Section: "end-reload/MenuInfoRegistryImpl/"
[08:52:26] [Worker-Main-21/TRACE] [REI] [REIServerPlugin START] Reloading Section: "end-reload/MenuInfoRegistryImpl/" done in 2.707 μs
[08:52:26] [Worker-Main-21/TRACE] [REI] [REIServerPlugin START] Reloading Section: "end-reload/SlotAccessorRegistryImpl/"
[08:52:26] [Worker-Main-21/TRACE] [REI] [REIServerPlugin START] Reloading Section: "end-reload/SlotAccessorRegistryImpl/" done in 2.028 μs
[08:52:26] [Worker-Main-21/TRACE] [REI] [REIServerPlugin START] Reloading Section: "end-reload/" done in 47.78 μs
[08:52:26] [Worker-Main-21/DEBUG] [REI] ========================================
[08:52:26] [Worker-Main-21/DEBUG] [REI] REIServerPlugin ended main-reload for START in 472.5 μs.
[08:52:26] [Worker-Main-21/DEBUG] [REI] ========================================
[08:52:26] [Worker-Main-21/DEBUG] [REI] ========================================
[08:52:26] [Worker-Main-21/DEBUG] [REI] REIPlugin starting post-reload for START.
[08:52:26] [Worker-Main-21/DEBUG] [REI] Reloadables (7):
[08:52:26] [Worker-Main-21/DEBUG] [REI]  - EntryTypeRegistryImpl
[08:52:26] [Worker-Main-21/DEBUG] [REI]  - EntrySettingsAdapterRegistryImpl
[08:52:26] [Worker-Main-21/DEBUG] [REI]  - RecipeManagerContextImpl
[08:52:26] [Worker-Main-21/DEBUG] [REI]  - ItemComparatorRegistryImpl
[08:52:26] [Worker-Main-21/DEBUG] [REI]  - FluidComparatorRegistryImpl
[08:52:26] [Worker-Main-21/DEBUG] [REI]  - DisplaySerializerRegistryImpl
[08:52:26] [Worker-Main-21/DEBUG] [REI]  - FluidSupportProviderImpl
[08:52:26] [Worker-Main-21/DEBUG] [REI] Plugins (2):
[08:52:26] [Worker-Main-21/DEBUG] [REI]  - (-100.00) DefaultPluginImpl of DefaultPluginImpl [roughlyenoughitems]
[08:52:26] [Worker-Main-21/DEBUG] [REI]  - (0.00) DefaultRuntimePlugin of DefaultRuntimePlugin [roughlyenoughitems]
[08:52:26] [Worker-Main-21/DEBUG] [REI] ========================================
[08:52:26] [Worker-Main-21/TRACE] [REI] [REIPlugin START] Reloading Section: "post-register/"
[08:52:26] [Worker-Main-21/TRACE] [REI] [REIPlugin START] Reloading Section: "post-register/DefaultPluginImpl of DefaultPluginImpl [roughlyenoughitems]/"
[08:52:26] [Worker-Main-21/TRACE] [REI] [REIPlugin START] Reloading Section: "post-register/DefaultPluginImpl of DefaultPluginImpl [roughlyenoughitems]/" done in 62.59 μs
[08:52:26] [Worker-Main-21/TRACE] [REI] [REIPlugin START] Reloading Section: "post-register/DefaultRuntimePlugin of DefaultRuntimePlugin [roughlyenoughitems]/"
[08:52:26] [Worker-Main-21/TRACE] [REI] [REIPlugin START] Reloading Section: "post-register/DefaultRuntimePlugin of DefaultRuntimePlugin [roughlyenoughitems]/" done in 5.147 μs
[08:52:26] [Worker-Main-21/TRACE] [REI] [REIPlugin START] Reloading Section: "post-register/" done in 299.5 μs
[08:52:26] [Worker-Main-21/TRACE] [REI] [REIPlugin START] Reloading Section: "post-stage/"
[08:52:26] [Worker-Main-21/TRACE] [REI] [REIPlugin START] Reloading Section: "post-stage/EntryTypeRegistryImpl/"
[08:52:26] [Worker-Main-21/TRACE] [REI] [REIPlugin START] Reloading Section: "post-stage/EntryTypeRegistryImpl/" done in 4.354 μs
[08:52:26] [Worker-Main-21/TRACE] [REI] [REIPlugin START] Reloading Section: "post-stage/EntrySettingsAdapterRegistryImpl/"
[08:52:26] [Worker-Main-21/TRACE] [REI] [REIPlugin START] Reloading Section: "post-stage/EntrySettingsAdapterRegistryImpl/" done in 1.829 μs
[08:52:26] [Worker-Main-21/TRACE] [REI] [REIPlugin START] Reloading Section: "post-stage/RecipeManagerContextImpl/"
[08:52:26] [Worker-Main-21/TRACE] [REI] [REIPlugin START] Reloading Section: "post-stage/RecipeManagerContextImpl/" done in 1.595 μs
[08:52:26] [Worker-Main-21/TRACE] [REI] [REIPlugin START] Reloading Section: "post-stage/ItemComparatorRegistryImpl/"
[08:52:26] [Worker-Main-21/TRACE] [REI] [REIPlugin START] Reloading Section: "post-stage/ItemComparatorRegistryImpl/" done in 1.339 μs
[08:52:26] [Worker-Main-21/TRACE] [REI] [REIPlugin START] Reloading Section: "post-stage/FluidComparatorRegistryImpl/"
[08:52:26] [Worker-Main-21/TRACE] [REI] [REIPlugin START] Reloading Section: "post-stage/FluidComparatorRegistryImpl/" done in 1.246 μs
[08:52:26] [Worker-Main-21/TRACE] [REI] [REIPlugin START] Reloading Section: "post-stage/DisplaySerializerRegistryImpl/"
[08:52:26] [Worker-Main-21/TRACE] [REI] [REIPlugin START] Reloading Section: "post-stage/DisplaySerializerRegistryImpl/" done in 1.280 μs
[08:52:26] [Worker-Main-21/TRACE] [REI] [REIPlugin START] Reloading Section: "post-stage/FluidSupportProviderImpl/"
[08:52:26] [Worker-Main-21/TRACE] [REI] [REIPlugin START] Reloading Section: "post-stage/FluidSupportProviderImpl/" done in 1.452 μs
[08:52:26] [Worker-Main-21/TRACE] [REI] [REIPlugin START] Reloading Section: "post-stage/" done in 162.1 μs
[08:52:26] [Worker-Main-21/DEBUG] [REI] ========================================
[08:52:26] [Worker-Main-21/INFO] [REI] REIPlugin finished post-reload for START in 507.0 μs, totaling 18.08 ms.
[08:52:26] [Worker-Main-21/DEBUG] [REI] ========================================
[08:52:26] [Worker-Main-21/DEBUG] [REI] ========================================
[08:52:26] [Worker-Main-21/DEBUG] [REI] REIServerPlugin starting post-reload for START.
[08:52:26] [Worker-Main-21/DEBUG] [REI] Reloadables (2):
[08:52:26] [Worker-Main-21/DEBUG] [REI]  - MenuInfoRegistryImpl
[08:52:26] [Worker-Main-21/DEBUG] [REI]  - SlotAccessorRegistryImpl
[08:52:26] [Worker-Main-21/DEBUG] [REI] Plugins (2):
[08:52:26] [Worker-Main-21/DEBUG] [REI]  - (-100.00) DefaultPluginImpl of DefaultPluginImpl [roughlyenoughitems]
[08:52:26] [Worker-Main-21/DEBUG] [REI]  - (0.00) DefaultRuntimePlugin of DefaultRuntimePlugin [roughlyenoughitems]
[08:52:26] [Worker-Main-21/DEBUG] [REI] ========================================
[08:52:26] [Worker-Main-21/TRACE] [REI] [REIServerPlugin START] Reloading Section: "post-register/"
[08:52:26] [Worker-Main-21/TRACE] [REI] [REIServerPlugin START] Reloading Section: "post-register/DefaultPluginImpl of DefaultPluginImpl [roughlyenoughitems]/"
[08:52:26] [Worker-Main-21/TRACE] [REI] [REIServerPlugin START] Reloading Section: "post-register/DefaultPluginImpl of DefaultPluginImpl [roughlyenoughitems]/" done in 4.956 μs
[08:52:26] [Worker-Main-21/TRACE] [REI] [REIServerPlugin START] Reloading Section: "post-register/DefaultRuntimePlugin of DefaultRuntimePlugin [roughlyenoughitems]/"
[08:52:26] [Worker-Main-21/TRACE] [REI] [REIServerPlugin START] Reloading Section: "post-register/DefaultRuntimePlugin of DefaultRuntimePlugin [roughlyenoughitems]/" done in 3.013 μs
[08:52:26] [Worker-Main-21/TRACE] [REI] [REIServerPlugin START] Reloading Section: "post-register/" done in 65.69 μs
[08:52:26] [Worker-Main-21/TRACE] [REI] [REIServerPlugin START] Reloading Section: "post-stage/"
[08:52:26] [Worker-Main-21/TRACE] [REI] [REIServerPlugin START] Reloading Section: "post-stage/MenuInfoRegistryImpl/"
[08:52:26] [Worker-Main-21/TRACE] [REI] [REIServerPlugin START] Reloading Section: "post-stage/MenuInfoRegistryImpl/" done in 2.592 μs
[08:52:26] [Worker-Main-21/TRACE] [REI] [REIServerPlugin START] Reloading Section: "post-stage/SlotAccessorRegistryImpl/"
[08:52:26] [Worker-Main-21/TRACE] [REI] [REIServerPlugin START] Reloading Section: "post-stage/SlotAccessorRegistryImpl/" done in 1.672 μs
[08:52:26] [Worker-Main-21/TRACE] [REI] [REIServerPlugin START] Reloading Section: "post-stage/" done in 40.53 μs
[08:52:26] [Worker-Main-21/DEBUG] [REI] ========================================
[08:52:26] [Worker-Main-21/INFO] [REI] REIServerPlugin finished post-reload for START in 161.1 μs, totaling 867.7 μs.
[08:52:26] [Worker-Main-21/DEBUG] [REI] ========================================
[08:52:26] [Worker-Main-21/DEBUG] [REI] ========================================
[08:52:26] [Worker-Main-21/DEBUG] [REI] REIPlugin starting pre-reload for END.
[08:52:26] [Worker-Main-21/DEBUG] [REI] Reloadables (7):
[08:52:26] [Worker-Main-21/DEBUG] [REI]  - EntryTypeRegistryImpl
[08:52:26] [Worker-Main-21/DEBUG] [REI]  - EntrySettingsAdapterRegistryImpl
[08:52:26] [Worker-Main-21/DEBUG] [REI]  - RecipeManagerContextImpl
[08:52:26] [Worker-Main-21/DEBUG] [REI]  - ItemComparatorRegistryImpl
[08:52:26] [Worker-Main-21/DEBUG] [REI]  - FluidComparatorRegistryImpl
[08:52:26] [Worker-Main-21/DEBUG] [REI]  - DisplaySerializerRegistryImpl
[08:52:26] [Worker-Main-21/DEBUG] [REI]  - FluidSupportProviderImpl
[08:52:26] [Worker-Main-21/DEBUG] [REI] Plugins (2):
[08:52:26] [Worker-Main-21/DEBUG] [REI]  - (-100.00) DefaultPluginImpl of DefaultPluginImpl [roughlyenoughitems]
[08:52:26] [Worker-Main-21/DEBUG] [REI]  - (0.00) DefaultRuntimePlugin of DefaultRuntimePlugin [roughlyenoughitems]
[08:52:26] [Worker-Main-21/DEBUG] [REI] ========================================
[08:52:26] [Worker-Main-21/TRACE] [REI] [REIPlugin END] Reloading Section: "pre-register/"
[08:52:26] [Worker-Main-21/TRACE] [REI] [REIPlugin END] Reloading Section: "pre-register/DefaultPluginImpl of DefaultPluginImpl [roughlyenoughitems]/"
[08:52:26] [Worker-Main-21/TRACE] [REI] [REIPlugin END] Reloading Section: "pre-register/DefaultPluginImpl of DefaultPluginImpl [roughlyenoughitems]/" done in 4.250 μs
[08:52:26] [Worker-Main-21/TRACE] [REI] [REIPlugin END] Reloading Section: "pre-register/DefaultRuntimePlugin of DefaultRuntimePlugin [roughlyenoughitems]/"
[08:52:26] [Worker-Main-21/TRACE] [REI] [REIPlugin END] Reloading Section: "pre-register/DefaultRuntimePlugin of DefaultRuntimePlugin [roughlyenoughitems]/" done in 3.159 μs
[08:52:26] [Worker-Main-21/TRACE] [REI] [REIPlugin END] Reloading Section: "pre-register/" done in 73.69 μs
[08:52:26] [Worker-Main-21/TRACE] [REI] [REIPlugin END] Reloading Section: "pre-stage/"
[08:52:26] [Worker-Main-21/TRACE] [REI] [REIPlugin END] Reloading Section: "pre-stage/EntryTypeRegistryImpl/"
[08:52:26] [Worker-Main-21/TRACE] [REI] [REIPlugin END] Reloading Section: "pre-stage/EntryTypeRegistryImpl/" done in 2.534 μs
[08:52:26] [Worker-Main-21/TRACE] [REI] [REIPlugin END] Reloading Section: "pre-stage/EntrySettingsAdapterRegistryImpl/"
[08:52:26] [Worker-Main-21/TRACE] [REI] [REIPlugin END] Reloading Section: "pre-stage/EntrySettingsAdapterRegistryImpl/" done in 1.921 μs
[08:52:26] [Worker-Main-21/TRACE] [REI] [REIPlugin END] Reloading Section: "pre-stage/RecipeManagerContextImpl/"
[08:52:26] [Worker-Main-21/TRACE] [REI] [REIPlugin END] Reloading Section: "pre-stage/RecipeManagerContextImpl/" done in 1.516 μs
[08:52:26] [Worker-Main-21/TRACE] [REI] [REIPlugin END] Reloading Section: "pre-stage/ItemComparatorRegistryImpl/"
[08:52:26] [Worker-Main-21/TRACE] [REI] [REIPlugin END] Reloading Section: "pre-stage/ItemComparatorRegistryImpl/" done in 1.196 μs
[08:52:26] [Worker-Main-21/TRACE] [REI] [REIPlugin END] Reloading Section: "pre-stage/FluidComparatorRegistryImpl/"
[08:52:26] [Worker-Main-21/TRACE] [REI] [REIPlugin END] Reloading Section: "pre-stage/FluidComparatorRegistryImpl/" done in 1.113 μs
[08:52:26] [Worker-Main-21/TRACE] [REI] [REIPlugin END] Reloading Section: "pre-stage/DisplaySerializerRegistryImpl/"
[08:52:26] [Worker-Main-21/TRACE] [REI] [REIPlugin END] Reloading Section: "pre-stage/DisplaySerializerRegistryImpl/" done in 1.051 μs
[08:52:26] [Worker-Main-21/TRACE] [REI] [REIPlugin END] Reloading Section: "pre-stage/FluidSupportProviderImpl/"
[08:52:26] [Worker-Main-21/TRACE] [REI] [REIPlugin END] Reloading Section: "pre-stage/FluidSupportProviderImpl/" done in 1.256 μs
[08:52:26] [Worker-Main-21/TRACE] [REI] [REIPlugin END] Reloading Section: "pre-stage/" done in 126.2 μs
[08:52:26] [Worker-Main-21/DEBUG] [REI] ========================================
[08:52:26] [Worker-Main-21/DEBUG] [REI] REIPlugin finished pre-reload for END in 231.8 μs.
[08:52:26] [Worker-Main-21/DEBUG] [REI] ========================================
[08:52:26] [Worker-Main-21/DEBUG] [REI] ========================================
[08:52:26] [Worker-Main-21/DEBUG] [REI] REIServerPlugin starting pre-reload for END.
[08:52:26] [Worker-Main-21/DEBUG] [REI] Reloadables (2):
[08:52:26] [Worker-Main-21/DEBUG] [REI]  - MenuInfoRegistryImpl
[08:52:26] [Worker-Main-21/DEBUG] [REI]  - SlotAccessorRegistryImpl
[08:52:26] [Worker-Main-21/DEBUG] [REI] Plugins (2):
[08:52:26] [Worker-Main-21/DEBUG] [REI]  - (-100.00) DefaultPluginImpl of DefaultPluginImpl [roughlyenoughitems]
[08:52:26] [Worker-Main-21/DEBUG] [REI]  - (0.00) DefaultRuntimePlugin of DefaultRuntimePlugin [roughlyenoughitems]
[08:52:26] [Worker-Main-21/DEBUG] [REI] ========================================
[08:52:26] [Worker-Main-21/TRACE] [REI] [REIServerPlugin END] Reloading Section: "pre-register/"
[08:52:26] [Worker-Main-21/TRACE] [REI] [REIServerPlugin END] Reloading Section: "pre-register/DefaultPluginImpl of DefaultPluginImpl [roughlyenoughitems]/"
[08:52:26] [Worker-Main-21/TRACE] [REI] [REIServerPlugin END] Reloading Section: "pre-register/DefaultPluginImpl of DefaultPluginImpl [roughlyenoughitems]/" done in 3.774 μs
[08:52:26] [Worker-Main-21/TRACE] [REI] [REIServerPlugin END] Reloading Section: "pre-register/DefaultRuntimePlugin of DefaultRuntimePlugin [roughlyenoughitems]/"
[08:52:26] [Worker-Main-21/TRACE] [REI] [REIServerPlugin END] Reloading Section: "pre-register/DefaultRuntimePlugin of DefaultRuntimePlugin [roughlyenoughitems]/" done in 3.784 μs
[08:52:26] [Worker-Main-21/TRACE] [REI] [REIServerPlugin END] Reloading Section: "pre-register/" done in 56.35 μs
[08:52:26] [Worker-Main-21/TRACE] [REI] [REIServerPlugin END] Reloading Section: "pre-stage/"
[08:52:26] [Worker-Main-21/TRACE] [REI] [REIServerPlugin END] Reloading Section: "pre-stage/MenuInfoRegistryImpl/"
[08:52:26] [Worker-Main-21/TRACE] [REI] [REIServerPlugin END] Reloading Section: "pre-stage/MenuInfoRegistryImpl/" done in 2.868 μs
[08:52:26] [Worker-Main-21/TRACE] [REI] [REIServerPlugin END] Reloading Section: "pre-stage/SlotAccessorRegistryImpl/"
[08:52:26] [Worker-Main-21/TRACE] [REI] [REIServerPlugin END] Reloading Section: "pre-stage/SlotAccessorRegistryImpl/" done in 1.969 μs
[08:52:26] [Worker-Main-21/TRACE] [REI] [REIServerPlugin END] Reloading Section: "pre-stage/" done in 67.62 μs
[08:52:26] [Worker-Main-21/DEBUG] [REI] ========================================
[08:52:26] [Worker-Main-21/DEBUG] [REI] REIServerPlugin finished pre-reload for END in 157.3 μs.
[08:52:26] [Worker-Main-21/DEBUG] [REI] ========================================
[08:52:26] [Worker-Main-21/INFO] [REI] OOOOOOOOOOOOOOOOOOOOOOOOOOOOOOOOOOOOOOOO
[08:52:26] [Worker-Main-21/INFO] [REI] REIPlugin starting main-reload for END.
[08:52:26] [Worker-Main-21/DEBUG] [REI] Reloadables (7):
[08:52:26] [Worker-Main-21/DEBUG] [REI]  - EntryTypeRegistryImpl
[08:52:26] [Worker-Main-21/DEBUG] [REI]  - EntrySettingsAdapterRegistryImpl
[08:52:26] [Worker-Main-21/DEBUG] [REI]  - RecipeManagerContextImpl
[08:52:26] [Worker-Main-21/DEBUG] [REI]  - ItemComparatorRegistryImpl
[08:52:26] [Worker-Main-21/DEBUG] [REI]  - FluidComparatorRegistryImpl
[08:52:26] [Worker-Main-21/DEBUG] [REI]  - DisplaySerializerRegistryImpl
[08:52:26] [Worker-Main-21/DEBUG] [REI]  - FluidSupportProviderImpl
[08:52:26] [Worker-Main-21/INFO] [REI] Plugins (2):
[08:52:26] [Worker-Main-21/INFO] [REI]  - (-100.00) DefaultPluginImpl of DefaultPluginImpl [roughlyenoughitems]
[08:52:26] [Worker-Main-21/INFO] [REI]  - (0.00) DefaultRuntimePlugin of DefaultRuntimePlugin [roughlyenoughitems]
[08:52:26] [Worker-Main-21/INFO] [REI] OOOOOOOOOOOOOOOOOOOOOOOOOOOOOOOOOOOOOOOO
[08:52:26] [Worker-Main-21/TRACE] [REI] [REIPlugin END] Reloading Section: "start-reload/"
[08:52:26] [Worker-Main-21/TRACE] [REI] [REIPlugin END] Reloading Section: "start-reload/EntryTypeRegistryImpl/"
[08:52:26] [Worker-Main-21/TRACE] [REI] [REIPlugin END] Reloading Section: "start-reload/EntryTypeRegistryImpl/" done in 2.681 μs
[08:52:26] [Worker-Main-21/TRACE] [REI] [REIPlugin END] Reloading Section: "start-reload/EntrySettingsAdapterRegistryImpl/"
[08:52:26] [Worker-Main-21/TRACE] [REI] [REIPlugin END] Reloading Section: "start-reload/EntrySettingsAdapterRegistryImpl/" done in 6.121 μs
[08:52:26] [Worker-Main-21/TRACE] [REI] [REIPlugin END] Reloading Section: "start-reload/RecipeManagerContextImpl/"
[08:52:26] [Worker-Main-21/TRACE] [REI] [REIPlugin END] Reloading Section: "start-reload/RecipeManagerContextImpl/" done in 2.294 μs
[08:52:26] [Worker-Main-21/TRACE] [REI] [REIPlugin END] Reloading Section: "start-reload/ItemComparatorRegistryImpl/"
[08:52:26] [Worker-Main-21/TRACE] [REI] [REIPlugin END] Reloading Section: "start-reload/ItemComparatorRegistryImpl/" done in 1.670 μs
[08:52:26] [Worker-Main-21/TRACE] [REI] [REIPlugin END] Reloading Section: "start-reload/FluidComparatorRegistryImpl/"
[08:52:26] [Worker-Main-21/TRACE] [REI] [REIPlugin END] Reloading Section: "start-reload/FluidComparatorRegistryImpl/" done in 1.371 μs
[08:52:26] [Worker-Main-21/TRACE] [REI] [REIPlugin END] Reloading Section: "start-reload/DisplaySerializerRegistryImpl/"
[08:52:26] [Worker-Main-21/TRACE] [REI] [REIPlugin END] Reloading Section: "start-reload/DisplaySerializerRegistryImpl/" done in 2.501 μs
[08:52:26] [Worker-Main-21/TRACE] [REI] [REIPlugin END] Reloading Section: "start-reload/FluidSupportProviderImpl/"
[08:52:26] [Worker-Main-21/TRACE] [REI] [REIPlugin END] Reloading Section: "start-reload/FluidSupportProviderImpl/" done in 1.514 μs
[08:52:26] [Worker-Main-21/TRACE] [REI] [REIPlugin END] Reloading Section: "start-reload/" done in 148.0 μs
[08:52:26] [Worker-Main-21/DEBUG] [REI] ========================================
[08:52:26] [Worker-Main-21/DEBUG] [REI] REIPlugin started main-reload for END.
[08:52:26] [Worker-Main-21/DEBUG] [REI] ========================================
[08:52:26] [Worker-Main-21/TRACE] [REI] [REIPlugin END] Reloading Section: "reloadable-plugin/EntryTypeRegistryImpl/"
[08:52:26] [Worker-Main-21/TRACE] [REI] [REIPlugin END] Reloading Section: "reloadable-plugin/EntryTypeRegistryImpl/DefaultPluginImpl of DefaultPluginImpl [roughlyenoughitems]/"
[08:52:26] [Worker-Main-21/TRACE] [REI] [REIPlugin END] Reloading Section: "reloadable-plugin/EntryTypeRegistryImpl/DefaultPluginImpl of DefaultPluginImpl [roughlyenoughitems]/" done in 4.837 μs
[08:52:26] [Worker-Main-21/TRACE] [REI] [REIPlugin END] Reloading Section: "reloadable-plugin/EntryTypeRegistryImpl/DefaultRuntimePlugin of DefaultRuntimePlugin [roughlyenoughitems]/"
[08:52:26] [Worker-Main-21/TRACE] [REI] [REIPlugin END] Reloading Section: "reloadable-plugin/EntryTypeRegistryImpl/DefaultRuntimePlugin of DefaultRuntimePlugin [roughlyenoughitems]/" done in 3.644 μs
[08:52:26] [Worker-Main-21/TRACE] [REI] [REIPlugin END] Reloading Section: "reloadable-plugin/EntryTypeRegistryImpl/" done in 56.03 μs
[08:52:26] [Worker-Main-21/TRACE] [REI] [REIPlugin END] Reloading Section: "reloadable-plugin/EntrySettingsAdapterRegistryImpl/"
[08:52:26] [Worker-Main-21/TRACE] [REI] [REIPlugin END] Reloading Section: "reloadable-plugin/EntrySettingsAdapterRegistryImpl/DefaultPluginImpl of DefaultPluginImpl [roughlyenoughitems]/"
[08:52:26] [Worker-Main-21/TRACE] [REI] [REIPlugin END] Reloading Section: "reloadable-plugin/EntrySettingsAdapterRegistryImpl/DefaultPluginImpl of DefaultPluginImpl [roughlyenoughitems]/" done in 6.302 μs
[08:52:26] [Worker-Main-21/TRACE] [REI] [REIPlugin END] Reloading Section: "reloadable-plugin/EntrySettingsAdapterRegistryImpl/DefaultRuntimePlugin of DefaultRuntimePlugin [roughlyenoughitems]/"
[08:52:26] [Worker-Main-21/TRACE] [REI] [REIPlugin END] Reloading Section: "reloadable-plugin/EntrySettingsAdapterRegistryImpl/DefaultRuntimePlugin of DefaultRuntimePlugin [roughlyenoughitems]/" done in 4.231 μs
[08:52:26] [Worker-Main-21/TRACE] [REI] [REIPlugin END] Reloading Section: "reloadable-plugin/EntrySettingsAdapterRegistryImpl/" done in 57.23 μs
[08:52:26] [Worker-Main-21/TRACE] [REI] [REIPlugin END] Reloading Section: "reloadable-plugin/RecipeManagerContextImpl/"
[08:52:26] [Worker-Main-21/TRACE] [REI] [REIPlugin END] Reloading Section: "reloadable-plugin/RecipeManagerContextImpl/DefaultPluginImpl of DefaultPluginImpl [roughlyenoughitems]/"
[08:52:26] [Worker-Main-21/TRACE] [REI] [REIPlugin END] Reloading Section: "reloadable-plugin/RecipeManagerContextImpl/DefaultPluginImpl of DefaultPluginImpl [roughlyenoughitems]/" done in 3.739 μs
[08:52:26] [Worker-Main-21/TRACE] [REI] [REIPlugin END] Reloading Section: "reloadable-plugin/RecipeManagerContextImpl/DefaultRuntimePlugin of DefaultRuntimePlugin [roughlyenoughitems]/"
[08:52:26] [Worker-Main-21/TRACE] [REI] [REIPlugin END] Reloading Section: "reloadable-plugin/RecipeManagerContextImpl/DefaultRuntimePlugin of DefaultRuntimePlugin [roughlyenoughitems]/" done in 3.370 μs
[08:52:26] [Worker-Main-21/TRACE] [REI] [REIPlugin END] Reloading Section: "reloadable-plugin/RecipeManagerContextImpl/" done in 47.69 μs
[08:52:26] [Worker-Main-21/TRACE] [REI] [REIPlugin END] Reloading Section: "reloadable-plugin/ItemComparatorRegistryImpl/"
[08:52:26] [Worker-Main-21/TRACE] [REI] [REIPlugin END] Reloading Section: "reloadable-plugin/ItemComparatorRegistryImpl/DefaultPluginImpl of DefaultPluginImpl [roughlyenoughitems]/"
[08:52:26] [Worker-Main-21/TRACE] [REI] [REIPlugin END] Reloading Section: "reloadable-plugin/ItemComparatorRegistryImpl/DefaultPluginImpl of DefaultPluginImpl [roughlyenoughitems]/" done in 3.655 μs
[08:52:26] [Worker-Main-21/TRACE] [REI] [REIPlugin END] Reloading Section: "reloadable-plugin/ItemComparatorRegistryImpl/DefaultRuntimePlugin of DefaultRuntimePlugin [roughlyenoughitems]/"
[08:52:26] [Worker-Main-21/TRACE] [REI] [REIPlugin END] Reloading Section: "reloadable-plugin/ItemComparatorRegistryImpl/DefaultRuntimePlugin of DefaultRuntimePlugin [roughlyenoughitems]/" done in 3.174 μs
[08:52:26] [Worker-Main-21/TRACE] [REI] [REIPlugin END] Reloading Section: "reloadable-plugin/ItemComparatorRegistryImpl/" done in 45.72 μs
[08:52:26] [Worker-Main-21/TRACE] [REI] [REIPlugin END] Reloading Section: "reloadable-plugin/FluidComparatorRegistryImpl/"
[08:52:26] [Worker-Main-21/TRACE] [REI] [REIPlugin END] Reloading Section: "reloadable-plugin/FluidComparatorRegistryImpl/DefaultPluginImpl of DefaultPluginImpl [roughlyenoughitems]/"
[08:52:26] [Worker-Main-21/TRACE] [REI] [REIPlugin END] Reloading Section: "reloadable-plugin/FluidComparatorRegistryImpl/DefaultPluginImpl of DefaultPluginImpl [roughlyenoughitems]/" done in 3.608 μs
[08:52:26] [Worker-Main-21/TRACE] [REI] [REIPlugin END] Reloading Section: "reloadable-plugin/FluidComparatorRegistryImpl/DefaultRuntimePlugin of DefaultRuntimePlugin [roughlyenoughitems]/"
[08:52:26] [Worker-Main-21/TRACE] [REI] [REIPlugin END] Reloading Section: "reloadable-plugin/FluidComparatorRegistryImpl/DefaultRuntimePlugin of DefaultRuntimePlugin [roughlyenoughitems]/" done in 3.295 μs
[08:52:26] [Worker-Main-21/TRACE] [REI] [REIPlugin END] Reloading Section: "reloadable-plugin/FluidComparatorRegistryImpl/" done in 50.90 μs
[08:52:26] [Worker-Main-21/TRACE] [REI] [REIPlugin END] Reloading Section: "reloadable-plugin/DisplaySerializerRegistryImpl/"
[08:52:26] [Worker-Main-21/TRACE] [REI] [REIPlugin END] Reloading Section: "reloadable-plugin/DisplaySerializerRegistryImpl/DefaultPluginImpl of DefaultPluginImpl [roughlyenoughitems]/"
[08:52:26] [Worker-Main-21/TRACE] [REI] [REIPlugin END] Reloading Section: "reloadable-plugin/DisplaySerializerRegistryImpl/DefaultPluginImpl of DefaultPluginImpl [roughlyenoughitems]/" done in 9.271 ms
[08:52:26] [Worker-Main-21/TRACE] [REI] [REIPlugin END] Reloading Section: "reloadable-plugin/DisplaySerializerRegistryImpl/DefaultRuntimePlugin of DefaultRuntimePlugin [roughlyenoughitems]/"
[08:52:26] [Worker-Main-21/TRACE] [REI] [REIPlugin END] Reloading Section: "reloadable-plugin/DisplaySerializerRegistryImpl/DefaultRuntimePlugin of DefaultRuntimePlugin [roughlyenoughitems]/" done in 9.396 μs
[08:52:26] [Worker-Main-21/TRACE] [REI] [REIPlugin END] Reloading Section: "reloadable-plugin/DisplaySerializerRegistryImpl/" done in 9.430 ms
[08:52:26] [Worker-Main-21/TRACE] [REI] [REIPlugin END] Reloading Section: "reloadable-plugin/FluidSupportProviderImpl/"
[08:52:26] [Worker-Main-21/TRACE] [REI] [REIPlugin END] Reloading Section: "reloadable-plugin/FluidSupportProviderImpl/DefaultPluginImpl of DefaultPluginImpl [roughlyenoughitems]/"
[08:52:26] [Worker-Main-21/TRACE] [REI] [REIPlugin END] Reloading Section: "reloadable-plugin/FluidSupportProviderImpl/DefaultPluginImpl of DefaultPluginImpl [roughlyenoughitems]/" done in 4.389 μs
[08:52:26] [Worker-Main-21/TRACE] [REI] [REIPlugin END] Reloading Section: "reloadable-plugin/FluidSupportProviderImpl/DefaultRuntimePlugin of DefaultRuntimePlugin [roughlyenoughitems]/"
[08:52:26] [Worker-Main-21/TRACE] [REI] [REIPlugin END] Reloading Section: "reloadable-plugin/FluidSupportProviderImpl/DefaultRuntimePlugin of DefaultRuntimePlugin [roughlyenoughitems]/" done in 3.801 μs
[08:52:26] [Worker-Main-21/TRACE] [REI] [REIPlugin END] Reloading Section: "reloadable-plugin/FluidSupportProviderImpl/" done in 70.53 μs
[08:52:26] [Worker-Main-21/DEBUG] [REI] ========================================
[08:52:26] [Worker-Main-21/DEBUG] [REI] REIPlugin ending main-reload for END.
[08:52:26] [Worker-Main-21/DEBUG] [REI] ========================================
[08:52:26] [Worker-Main-21/TRACE] [REI] [REIPlugin END] Reloading Section: "end-reload/"
[08:52:26] [Worker-Main-21/TRACE] [REI] [REIPlugin END] Reloading Section: "end-reload/EntryTypeRegistryImpl/"
[08:52:26] [Worker-Main-21/TRACE] [REI] [REIPlugin END] Reloading Section: "end-reload/EntryTypeRegistryImpl/" done in 2.068 μs
[08:52:26] [Worker-Main-21/TRACE] [REI] [REIPlugin END] Reloading Section: "end-reload/EntrySettingsAdapterRegistryImpl/"
[08:52:26] [Worker-Main-21/TRACE] [REI] [REIPlugin END] Reloading Section: "end-reload/EntrySettingsAdapterRegistryImpl/" done in 1.430 μs
[08:52:26] [Worker-Main-21/TRACE] [REI] [REIPlugin END] Reloading Section: "end-reload/RecipeManagerContextImpl/"
[08:52:26] [Worker-Main-21/TRACE] [REI] [REIPlugin END] Reloading Section: "end-reload/RecipeManagerContextImpl/" done in 1.343 μs
[08:52:26] [Worker-Main-21/TRACE] [REI] [REIPlugin END] Reloading Section: "end-reload/ItemComparatorRegistryImpl/"
[08:52:26] [Worker-Main-21/TRACE] [REI] [REIPlugin END] Reloading Section: "end-reload/ItemComparatorRegistryImpl/" done in 1.312 μs
[08:52:26] [Worker-Main-21/TRACE] [REI] [REIPlugin END] Reloading Section: "end-reload/FluidComparatorRegistryImpl/"
[08:52:26] [Worker-Main-21/TRACE] [REI] [REIPlugin END] Reloading Section: "end-reload/FluidComparatorRegistryImpl/" done in 1.122 μs
[08:52:26] [Worker-Main-21/TRACE] [REI] [REIPlugin END] Reloading Section: "end-reload/DisplaySerializerRegistryImpl/"
[08:52:26] [Worker-Main-21/TRACE] [REI] [REIPlugin END] Reloading Section: "end-reload/DisplaySerializerRegistryImpl/" done in 1.084 μs
[08:52:26] [Worker-Main-21/TRACE] [REI] [REIPlugin END] Reloading Section: "end-reload/FluidSupportProviderImpl/"
[08:52:26] [Worker-Main-21/TRACE] [REI] [REIPlugin END] Reloading Section: "end-reload/FluidSupportProviderImpl/" done in 1.111 μs
[08:52:26] [Worker-Main-21/TRACE] [REI] [REIPlugin END] Reloading Section: "end-reload/" done in 114.7 μs
[08:52:26] [Worker-Main-21/DEBUG] [REI] ========================================
[08:52:26] [Worker-Main-21/DEBUG] [REI] REIPlugin ended main-reload for END in 10.28 ms.
[08:52:26] [Worker-Main-21/DEBUG] [REI] ========================================
[08:52:26] [Worker-Main-21/INFO] [REI] ########################################
[08:52:26] [Worker-Main-21/INFO] [REI] REIServerPlugin starting main-reload for END.
[08:52:26] [Worker-Main-21/DEBUG] [REI] Reloadables (2):
[08:52:26] [Worker-Main-21/DEBUG] [REI]  - MenuInfoRegistryImpl
[08:52:26] [Worker-Main-21/DEBUG] [REI]  - SlotAccessorRegistryImpl
[08:52:26] [Worker-Main-21/INFO] [REI] Plugins (2):
[08:52:26] [Worker-Main-21/INFO] [REI]  - (-100.00) DefaultPluginImpl of DefaultPluginImpl [roughlyenoughitems]
[08:52:26] [Worker-Main-21/INFO] [REI]  - (0.00) DefaultRuntimePlugin of DefaultRuntimePlugin [roughlyenoughitems]
[08:52:26] [Worker-Main-21/INFO] [REI] ########################################
[08:52:26] [Worker-Main-21/TRACE] [REI] [REIServerPlugin END] Reloading Section: "start-reload/"
[08:52:26] [Worker-Main-21/TRACE] [REI] [REIServerPlugin END] Reloading Section: "start-reload/MenuInfoRegistryImpl/"
[08:52:26] [Worker-Main-21/TRACE] [REI] [REIServerPlugin END] Reloading Section: "start-reload/MenuInfoRegistryImpl/" done in 7.864 μs
[08:52:26] [Worker-Main-21/TRACE] [REI] [REIServerPlugin END] Reloading Section: "start-reload/SlotAccessorRegistryImpl/"
[08:52:26] [Worker-Main-21/TRACE] [REI] [REIServerPlugin END] Reloading Section: "start-reload/SlotAccessorRegistryImpl/" done in 4.479 μs
[08:52:26] [Worker-Main-21/TRACE] [REI] [REIServerPlugin END] Reloading Section: "start-reload/" done in 88.10 μs
[08:52:26] [Worker-Main-21/DEBUG] [REI] ========================================
[08:52:26] [Worker-Main-21/DEBUG] [REI] REIServerPlugin started main-reload for END.
[08:52:26] [Worker-Main-21/DEBUG] [REI] ========================================
[08:52:26] [Worker-Main-21/TRACE] [REI] [REIServerPlugin END] Reloading Section: "reloadable-plugin/MenuInfoRegistryImpl/"
[08:52:26] [Worker-Main-21/TRACE] [REI] [REIServerPlugin END] Reloading Section: "reloadable-plugin/MenuInfoRegistryImpl/DefaultPluginImpl of DefaultPluginImpl [roughlyenoughitems]/"
[08:52:26] [Worker-Main-21/TRACE] [REI] [REIServerPlugin END] Reloading Section: "reloadable-plugin/MenuInfoRegistryImpl/DefaultPluginImpl of DefaultPluginImpl [roughlyenoughitems]/" done in 8.379 μs
[08:52:26] [Worker-Main-21/TRACE] [REI] [REIServerPlugin END] Reloading Section: "reloadable-plugin/MenuInfoRegistryImpl/DefaultRuntimePlugin of DefaultRuntimePlugin [roughlyenoughitems]/"
[08:52:26] [Worker-Main-21/TRACE] [REI] [REIServerPlugin END] Reloading Section: "reloadable-plugin/MenuInfoRegistryImpl/DefaultRuntimePlugin of DefaultRuntimePlugin [roughlyenoughitems]/" done in 3.568 μs
[08:52:26] [Worker-Main-21/TRACE] [REI] [REIServerPlugin END] Reloading Section: "reloadable-plugin/MenuInfoRegistryImpl/" done in 55.78 μs
[08:52:26] [Worker-Main-21/TRACE] [REI] [REIServerPlugin END] Reloading Section: "reloadable-plugin/SlotAccessorRegistryImpl/"
[08:52:26] [Worker-Main-21/TRACE] [REI] [REIServerPlugin END] Reloading Section: "reloadable-plugin/SlotAccessorRegistryImpl/DefaultPluginImpl of DefaultPluginImpl [roughlyenoughitems]/"
[08:52:26] [Worker-Main-21/TRACE] [REI] [REIServerPlugin END] Reloading Section: "reloadable-plugin/SlotAccessorRegistryImpl/DefaultPluginImpl of DefaultPluginImpl [roughlyenoughitems]/" done in 5.853 μs
[08:52:26] [Worker-Main-21/TRACE] [REI] [REIServerPlugin END] Reloading Section: "reloadable-plugin/SlotAccessorRegistryImpl/DefaultRuntimePlugin of DefaultRuntimePlugin [roughlyenoughitems]/"
[08:52:26] [Worker-Main-21/DEBUG] [REI] Added slot accessor serializer: me.shedaniel.rei.plugin.common.runtime.DefaultRuntimePlugin$1@26740d30 [roughlyenoughitems:vanilla]
[08:52:26] [Worker-Main-21/DEBUG] [REI] Added slot accessor serializer: me.shedaniel.rei.plugin.common.runtime.DefaultRuntimePlugin$2@27da5783 [roughlyenoughitems:player]
[08:52:26] [Worker-Main-21/TRACE] [REI] [REIServerPlugin END] Reloading Section: "reloadable-plugin/SlotAccessorRegistryImpl/DefaultRuntimePlugin of DefaultRuntimePlugin [roughlyenoughitems]/" done in 823.0 μs
[08:52:26] [Worker-Main-21/TRACE] [REI] [REIServerPlugin END] Reloading Section: "reloadable-plugin/SlotAccessorRegistryImpl/" done in 896.4 μs
[08:52:26] [Worker-Main-21/DEBUG] [REI] ========================================
[08:52:26] [Worker-Main-21/DEBUG] [REI] REIServerPlugin ending main-reload for END.
[08:52:26] [Worker-Main-21/DEBUG] [REI] ========================================
[08:52:26] [Worker-Main-21/TRACE] [REI] [REIServerPlugin END] Reloading Section: "end-reload/"
[08:52:26] [Worker-Main-21/TRACE] [REI] [REIServerPlugin END] Reloading Section: "end-reload/MenuInfoRegistryImpl/"
[08:52:26] [Worker-Main-21/DEBUG] [REI] Registered 0 menu infos
[08:52:26] [Worker-Main-21/TRACE] [REI] [REIServerPlugin END] Reloading Section: "end-reload/MenuInfoRegistryImpl/" done in 38.23 μs
[08:52:26] [Worker-Main-21/TRACE] [REI] [REIServerPlugin END] Reloading Section: "end-reload/SlotAccessorRegistryImpl/"
[08:52:26] [Worker-Main-21/DEBUG] [REI] Registered 2 slot accessor serializers
[08:52:26] [Worker-Main-21/TRACE] [REI] [REIServerPlugin END] Reloading Section: "end-reload/SlotAccessorRegistryImpl/" done in 16.12 μs
[08:52:26] [Worker-Main-21/TRACE] [REI] [REIServerPlugin END] Reloading Section: "end-reload/" done in 108.8 μs
[08:52:26] [Worker-Main-21/DEBUG] [REI] ========================================
[08:52:26] [Worker-Main-21/DEBUG] [REI] REIServerPlugin ended main-reload for END in 1.378 ms.
[08:52:26] [Worker-Main-21/DEBUG] [REI] ========================================
[08:52:26] [Worker-Main-21/DEBUG] [REI] ========================================
[08:52:26] [Worker-Main-21/DEBUG] [REI] REIPlugin starting post-reload for END.
[08:52:26] [Worker-Main-21/DEBUG] [REI] Reloadables (7):
[08:52:26] [Worker-Main-21/DEBUG] [REI]  - EntryTypeRegistryImpl
[08:52:26] [Worker-Main-21/DEBUG] [REI]  - EntrySettingsAdapterRegistryImpl
[08:52:26] [Worker-Main-21/DEBUG] [REI]  - RecipeManagerContextImpl
[08:52:26] [Worker-Main-21/DEBUG] [REI]  - ItemComparatorRegistryImpl
[08:52:26] [Worker-Main-21/DEBUG] [REI]  - FluidComparatorRegistryImpl
[08:52:26] [Worker-Main-21/DEBUG] [REI]  - DisplaySerializerRegistryImpl
[08:52:26] [Worker-Main-21/DEBUG] [REI]  - FluidSupportProviderImpl
[08:52:26] [Worker-Main-21/DEBUG] [REI] Plugins (2):
[08:52:26] [Worker-Main-21/DEBUG] [REI]  - (-100.00) DefaultPluginImpl of DefaultPluginImpl [roughlyenoughitems]
[08:52:26] [Worker-Main-21/DEBUG] [REI]  - (0.00) DefaultRuntimePlugin of DefaultRuntimePlugin [roughlyenoughitems]
[08:52:26] [Worker-Main-21/DEBUG] [REI] ========================================
[08:52:26] [Worker-Main-21/TRACE] [REI] [REIPlugin END] Reloading Section: "post-register/"
[08:52:26] [Worker-Main-21/TRACE] [REI] [REIPlugin END] Reloading Section: "post-register/DefaultPluginImpl of DefaultPluginImpl [roughlyenoughitems]/"
[08:52:26] [Worker-Main-21/TRACE] [REI] [REIPlugin END] Reloading Section: "post-register/DefaultPluginImpl of DefaultPluginImpl [roughlyenoughitems]/" done in 5.340 μs
[08:52:26] [Worker-Main-21/TRACE] [REI] [REIPlugin END] Reloading Section: "post-register/DefaultRuntimePlugin of DefaultRuntimePlugin [roughlyenoughitems]/"
[08:52:26] [Worker-Main-21/TRACE] [REI] [REIPlugin END] Reloading Section: "post-register/DefaultRuntimePlugin of DefaultRuntimePlugin [roughlyenoughitems]/" done in 3.208 μs
[08:52:26] [Worker-Main-21/TRACE] [REI] [REIPlugin END] Reloading Section: "post-register/" done in 66.20 μs
[08:52:26] [Worker-Main-21/TRACE] [REI] [REIPlugin END] Reloading Section: "post-stage/"
[08:52:26] [Worker-Main-21/TRACE] [REI] [REIPlugin END] Reloading Section: "post-stage/EntryTypeRegistryImpl/"
[08:52:26] [Worker-Main-21/TRACE] [REI] [REIPlugin END] Reloading Section: "post-stage/EntryTypeRegistryImpl/" done in 2.151 μs
[08:52:26] [Worker-Main-21/TRACE] [REI] [REIPlugin END] Reloading Section: "post-stage/EntrySettingsAdapterRegistryImpl/"
[08:52:26] [Worker-Main-21/TRACE] [REI] [REIPlugin END] Reloading Section: "post-stage/EntrySettingsAdapterRegistryImpl/" done in 1.537 μs
[08:52:26] [Worker-Main-21/TRACE] [REI] [REIPlugin END] Reloading Section: "post-stage/RecipeManagerContextImpl/"
[08:52:26] [Worker-Main-21/TRACE] [REI] [REIPlugin END] Reloading Section: "post-stage/RecipeManagerContextImpl/" done in 1.517 μs
[08:52:26] [Worker-Main-21/TRACE] [REI] [REIPlugin END] Reloading Section: "post-stage/ItemComparatorRegistryImpl/"
[08:52:26] [Worker-Main-21/TRACE] [REI] [REIPlugin END] Reloading Section: "post-stage/ItemComparatorRegistryImpl/" done in 1.430 μs
[08:52:26] [Worker-Main-21/TRACE] [REI] [REIPlugin END] Reloading Section: "post-stage/FluidComparatorRegistryImpl/"
[08:52:26] [Worker-Main-21/TRACE] [REI] [REIPlugin END] Reloading Section: "post-stage/FluidComparatorRegistryImpl/" done in 1.135 μs
[08:52:26] [Worker-Main-21/TRACE] [REI] [REIPlugin END] Reloading Section: "post-stage/DisplaySerializerRegistryImpl/"
[08:52:26] [Worker-Main-21/TRACE] [REI] [REIPlugin END] Reloading Section: "post-stage/DisplaySerializerRegistryImpl/" done in 1.015 μs
[08:52:26] [Worker-Main-21/TRACE] [REI] [REIPlugin END] Reloading Section: "post-stage/FluidSupportProviderImpl/"
[08:52:26] [Worker-Main-21/TRACE] [REI] [REIPlugin END] Reloading Section: "post-stage/FluidSupportProviderImpl/" done in 1.067 μs
[08:52:26] [Worker-Main-21/TRACE] [REI] [REIPlugin END] Reloading Section: "post-stage/" done in 131.5 μs
[08:52:26] [Worker-Main-21/DEBUG] [REI] ========================================
[08:52:26] [Worker-Main-21/INFO] [REI] REIPlugin finished post-reload for END in 225.9 μs, totaling 10.73 ms.
[08:52:26] [Worker-Main-21/DEBUG] [REI] ========================================
[08:52:26] [Worker-Main-21/DEBUG] [REI] ========================================
[08:52:26] [Worker-Main-21/DEBUG] [REI] REIServerPlugin starting post-reload for END.
[08:52:26] [Worker-Main-21/DEBUG] [REI] Reloadables (2):
[08:52:26] [Worker-Main-21/DEBUG] [REI]  - MenuInfoRegistryImpl
[08:52:26] [Worker-Main-21/DEBUG] [REI]  - SlotAccessorRegistryImpl
[08:52:26] [Worker-Main-21/DEBUG] [REI] Plugins (2):
[08:52:26] [Worker-Main-21/DEBUG] [REI]  - (-100.00) DefaultPluginImpl of DefaultPluginImpl [roughlyenoughitems]
[08:52:26] [Worker-Main-21/DEBUG] [REI]  - (0.00) DefaultRuntimePlugin of DefaultRuntimePlugin [roughlyenoughitems]
[08:52:26] [Worker-Main-21/DEBUG] [REI] ========================================
[08:52:26] [Worker-Main-21/TRACE] [REI] [REIServerPlugin END] Reloading Section: "post-register/"
[08:52:26] [Worker-Main-21/TRACE] [REI] [REIServerPlugin END] Reloading Section: "post-register/DefaultPluginImpl of DefaultPluginImpl [roughlyenoughitems]/"
[08:52:26] [Worker-Main-21/TRACE] [REI] [REIServerPlugin END] Reloading Section: "post-register/DefaultPluginImpl of DefaultPluginImpl [roughlyenoughitems]/" done in 4.320 μs
[08:52:26] [Worker-Main-21/TRACE] [REI] [REIServerPlugin END] Reloading Section: "post-register/DefaultRuntimePlugin of DefaultRuntimePlugin [roughlyenoughitems]/"
[08:52:26] [Worker-Main-21/TRACE] [REI] [REIServerPlugin END] Reloading Section: "post-register/DefaultRuntimePlugin of DefaultRuntimePlugin [roughlyenoughitems]/" done in 2.879 μs
[08:52:26] [Worker-Main-21/TRACE] [REI] [REIServerPlugin END] Reloading Section: "post-register/" done in 72.57 μs
[08:52:26] [Worker-Main-21/TRACE] [REI] [REIServerPlugin END] Reloading Section: "post-stage/"
[08:52:26] [Worker-Main-21/TRACE] [REI] [REIServerPlugin END] Reloading Section: "post-stage/MenuInfoRegistryImpl/"
[08:52:26] [Worker-Main-21/TRACE] [REI] [REIServerPlugin END] Reloading Section: "post-stage/MenuInfoRegistryImpl/" done in 2.311 μs
[08:52:26] [Worker-Main-21/TRACE] [REI] [REIServerPlugin END] Reloading Section: "post-stage/SlotAccessorRegistryImpl/"
[08:52:26] [Worker-Main-21/TRACE] [REI] [REIServerPlugin END] Reloading Section: "post-stage/SlotAccessorRegistryImpl/" done in 1.414 μs
[08:52:26] [Worker-Main-21/TRACE] [REI] [REIServerPlugin END] Reloading Section: "post-stage/" done in 32.51 μs
[08:52:26] [Worker-Main-21/DEBUG] [REI] ========================================
[08:52:26] [Worker-Main-21/INFO] [REI] REIServerPlugin finished post-reload for END in 135.8 μs, totaling 1.668 ms.
[08:52:26] [Worker-Main-21/DEBUG] [REI] ========================================
